# gmm-acc-stats-ali exp/tri3b/23.mdl "ark,s,cs:apply-cmvn  --utt2spk=ark:data/mfcc/train/split12/1/utt2spk scp:data/mfcc/train/split12/1/cmvn.scp scp:data/mfcc/train/split12/1/feats.scp ark:- | splice-feats --left-context=3 --right-context=3 ark:- ark:- | transform-feats exp/tri2b_ali/final.mat ark:- ark:- | transform-feats --utt2spk=ark:data/mfcc/train/split12/1/utt2spk ark:exp/tri3b/trans.1 ark:- ark:- |" "ark,s,cs:gunzip -c exp/tri3b/ali.1.gz|" exp/tri3b/23.1.acc 
# Started at Tue Oct 17 15:39:21 CST 2017
#
gmm-acc-stats-ali exp/tri3b/23.mdl 'ark,s,cs:apply-cmvn  --utt2spk=ark:data/mfcc/train/split12/1/utt2spk scp:data/mfcc/train/split12/1/cmvn.scp scp:data/mfcc/train/split12/1/feats.scp ark:- | splice-feats --left-context=3 --right-context=3 ark:- ark:- | transform-feats exp/tri2b_ali/final.mat ark:- ark:- | transform-feats --utt2spk=ark:data/mfcc/train/split12/1/utt2spk ark:exp/tri3b/trans.1 ark:- ark:- |' 'ark,s,cs:gunzip -c exp/tri3b/ali.1.gz|' exp/tri3b/23.1.acc 
transform-feats --utt2spk=ark:data/mfcc/train/split12/1/utt2spk ark:exp/tri3b/trans.1 ark:- ark:- 
apply-cmvn --utt2spk=ark:data/mfcc/train/split12/1/utt2spk scp:data/mfcc/train/split12/1/cmvn.scp scp:data/mfcc/train/split12/1/feats.scp ark:- 
splice-feats --left-context=3 --right-context=3 ark:- ark:- 
transform-feats exp/tri2b_ali/final.mat ark:- ark:- 
LOG (gmm-acc-stats-ali[5.2.70~1-98bbe1]:main():gmm-acc-stats-ali.cc:105) Processed 50 utterances; for utterance A001-0066 avg. like is -40.1797 over 198 frames.
LOG (gmm-acc-stats-ali[5.2.70~1-98bbe1]:main():gmm-acc-stats-ali.cc:105) Processed 100 utterances; for utterance A002-0034 avg. like is -40.4195 over 198 frames.
LOG (apply-cmvn[5.2.70~1-98bbe1]:main():apply-cmvn.cc:162) Applied cepstral mean normalization to 150 utterances, errors on 0
LOG (transform-feats[5.2.70~1-98bbe1]:main():transform-feats.cc:158) Overall average [pseudo-]logdet is -86.479 over 35033 frames.
LOG (transform-feats[5.2.70~1-98bbe1]:main():transform-feats.cc:161) Applied transform to 150 utterances; 0 had errors.
LOG (transform-feats[5.2.70~1-98bbe1]:main():transform-feats.cc:158) Overall average logdet is 3.41862 over 35033 frames.
LOG (transform-feats[5.2.70~1-98bbe1]:main():transform-feats.cc:161) Applied transform to 150 utterances; 0 had errors.
LOG (gmm-acc-stats-ali[5.2.70~1-98bbe1]:main():gmm-acc-stats-ali.cc:105) Processed 150 utterances; for utterance A002-0100 avg. like is -43.926 over 498 frames.
LOG (gmm-acc-stats-ali[5.2.70~1-98bbe1]:main():gmm-acc-stats-ali.cc:112) Done 150 files, 0 with errors.
LOG (gmm-acc-stats-ali[5.2.70~1-98bbe1]:main():gmm-acc-stats-ali.cc:115) Overall avg like per frame (Gaussian only) = -40.9219 over 35033 frames.
LOG (gmm-acc-stats-ali[5.2.70~1-98bbe1]:main():gmm-acc-stats-ali.cc:123) Written accs.
# Accounting: time=3 threads=1
# Ended (code 0) at Tue Oct 17 15:39:24 CST 2017, elapsed time 3 seconds
