# ali-to-post "ark:gunzip -c exp/tri3b/ali.10.gz|" ark:- | gmm-acc-stats-twofeats exp/tri3b/35.mdl "ark,s,cs:apply-cmvn  --utt2spk=ark:data/mfcc/train/split12/10/utt2spk scp:data/mfcc/train/split12/10/cmvn.scp scp:data/mfcc/train/split12/10/feats.scp ark:- | splice-feats --left-context=3 --right-context=3 ark:- ark:- | transform-feats exp/tri2b_ali/final.mat ark:- ark:- | transform-feats --utt2spk=ark:data/mfcc/train/split12/10/utt2spk ark:exp/tri3b/trans.10 ark:- ark:- |" "ark,s,cs:apply-cmvn  --utt2spk=ark:data/mfcc/train/split12/10/utt2spk scp:data/mfcc/train/split12/10/cmvn.scp scp:data/mfcc/train/split12/10/feats.scp ark:- | splice-feats --left-context=3 --right-context=3 ark:- ark:- | transform-feats exp/tri2b_ali/final.mat ark:- ark:- |" ark,s,cs:- exp/tri3b/35.10.acc 
# Started at Tue Oct 17 15:43:56 CST 2017
#
gmm-acc-stats-twofeats exp/tri3b/35.mdl 'ark,s,cs:apply-cmvn  --utt2spk=ark:data/mfcc/train/split12/10/utt2spk scp:data/mfcc/train/split12/10/cmvn.scp scp:data/mfcc/train/split12/10/feats.scp ark:- | splice-feats --left-context=3 --right-context=3 ark:- ark:- | transform-feats exp/tri2b_ali/final.mat ark:- ark:- | transform-feats --utt2spk=ark:data/mfcc/train/split12/10/utt2spk ark:exp/tri3b/trans.10 ark:- ark:- |' 'ark,s,cs:apply-cmvn  --utt2spk=ark:data/mfcc/train/split12/10/utt2spk scp:data/mfcc/train/split12/10/cmvn.scp scp:data/mfcc/train/split12/10/feats.scp ark:- | splice-feats --left-context=3 --right-context=3 ark:- ark:- | transform-feats exp/tri2b_ali/final.mat ark:- ark:- |' ark,s,cs:- exp/tri3b/35.10.acc 
ali-to-post 'ark:gunzip -c exp/tri3b/ali.10.gz|' ark:- 
transform-feats exp/tri2b_ali/final.mat ark:- ark:- 
transform-feats --utt2spk=ark:data/mfcc/train/split12/10/utt2spk ark:exp/tri3b/trans.10 ark:- ark:- 
splice-feats --left-context=3 --right-context=3 ark:- ark:- 
apply-cmvn --utt2spk=ark:data/mfcc/train/split12/10/utt2spk scp:data/mfcc/train/split12/10/cmvn.scp scp:data/mfcc/train/split12/10/feats.scp ark:- 
transform-feats exp/tri2b_ali/final.mat ark:- ark:- 
apply-cmvn --utt2spk=ark:data/mfcc/train/split12/10/utt2spk scp:data/mfcc/train/split12/10/cmvn.scp scp:data/mfcc/train/split12/10/feats.scp ark:- 
splice-feats --left-context=3 --right-context=3 ark:- ark:- 
LOG (gmm-acc-stats-twofeats[5.2.70~1-98bbe1]:main():gmm-acc-stats-twofeats.cc:140) Average like for this file is -23.4075 over 701 frames.
LOG (gmm-acc-stats-twofeats[5.2.70~1-98bbe1]:main():gmm-acc-stats-twofeats.cc:140) Average like for this file is -27.5404 over 357 frames.
LOG (gmm-acc-stats-twofeats[5.2.70~1-98bbe1]:main():gmm-acc-stats-twofeats.cc:140) Average like for this file is -24.3276 over 311 frames.
LOG (gmm-acc-stats-twofeats[5.2.70~1-98bbe1]:main():gmm-acc-stats-twofeats.cc:140) Average like for this file is -19.7856 over 2295 frames.
LOG (gmm-acc-stats-twofeats[5.2.70~1-98bbe1]:main():gmm-acc-stats-twofeats.cc:140) Average like for this file is -32.411 over 3342 frames.
LOG (gmm-acc-stats-twofeats[5.2.70~1-98bbe1]:main():gmm-acc-stats-twofeats.cc:140) Average like for this file is -22.61 over 6326 frames.
LOG (gmm-acc-stats-twofeats[5.2.70~1-98bbe1]:main():gmm-acc-stats-twofeats.cc:140) Average like for this file is -29.2899 over 313 frames.
LOG (gmm-acc-stats-twofeats[5.2.70~1-98bbe1]:main():gmm-acc-stats-twofeats.cc:140) Average like for this file is -37.4181 over 295 frames.
LOG (gmm-acc-stats-twofeats[5.2.70~1-98bbe1]:main():gmm-acc-stats-twofeats.cc:140) Average like for this file is -22.4872 over 4436 frames.
LOG (gmm-acc-stats-twofeats[5.2.70~1-98bbe1]:main():gmm-acc-stats-twofeats.cc:140) Average like for this file is -27.045 over 6326 frames.
LOG (gmm-acc-stats-twofeats[5.2.70~1-98bbe1]:main():gmm-acc-stats-twofeats.cc:146) Avg like per frame so far is -25.1643
LOG (apply-cmvn[5.2.70~1-98bbe1]:main():apply-cmvn.cc:162) Applied cepstral mean normalization to 16 utterances, errors on 0
LOG (gmm-acc-stats-twofeats[5.2.70~1-98bbe1]:main():gmm-acc-stats-twofeats.cc:140) Average like for this file is -36.509 over 451 frames.
LOG (apply-cmvn[5.2.70~1-98bbe1]:main():apply-cmvn.cc:162) Applied cepstral mean normalization to 16 utterances, errors on 0
LOG (ali-to-post[5.2.70~1-98bbe1]:main():ali-to-post.cc:73) Converted 16 alignments.
LOG (gmm-acc-stats-twofeats[5.2.70~1-98bbe1]:main():gmm-acc-stats-twofeats.cc:140) Average like for this file is -32.7494 over 6311 frames.
LOG (gmm-acc-stats-twofeats[5.2.70~1-98bbe1]:main():gmm-acc-stats-twofeats.cc:140) Average like for this file is -62.8755 over 154 frames.
LOG (gmm-acc-stats-twofeats[5.2.70~1-98bbe1]:main():gmm-acc-stats-twofeats.cc:140) Average like for this file is -35.5776 over 295 frames.
LOG (transform-feats[5.2.70~1-98bbe1]:main():transform-feats.cc:158) Overall average [pseudo-]logdet is -86.479 over 33362 frames.
LOG (transform-feats[5.2.70~1-98bbe1]:main():transform-feats.cc:161) Applied transform to 16 utterances; 0 had errors.
LOG (gmm-acc-stats-twofeats[5.2.70~1-98bbe1]:main():gmm-acc-stats-twofeats.cc:140) Average like for this file is -23.2861 over 904 frames.
LOG (transform-feats[5.2.70~1-98bbe1]:main():transform-feats.cc:158) Overall average logdet is 0 over 33362 frames.
LOG (transform-feats[5.2.70~1-98bbe1]:main():transform-feats.cc:161) Applied transform to 16 utterances; 0 had errors.
LOG (transform-feats[5.2.70~1-98bbe1]:main():transform-feats.cc:158) Overall average [pseudo-]logdet is -86.479 over 33362 frames.
LOG (transform-feats[5.2.70~1-98bbe1]:main():transform-feats.cc:161) Applied transform to 16 utterances; 0 had errors.
LOG (gmm-acc-stats-twofeats[5.2.70~1-98bbe1]:main():gmm-acc-stats-twofeats.cc:140) Average like for this file is -30.3251 over 545 frames.
LOG (gmm-acc-stats-twofeats[5.2.70~1-98bbe1]:main():gmm-acc-stats-twofeats.cc:150) Done 16 files, 0 with no posteriors, 0 with no second features, 0 with other errors.
LOG (gmm-acc-stats-twofeats[5.2.70~1-98bbe1]:main():gmm-acc-stats-twofeats.cc:155) Overall avg like per frame (Gaussian only) = -27.0521 over 33362 frames.
LOG (gmm-acc-stats-twofeats[5.2.70~1-98bbe1]:main():gmm-acc-stats-twofeats.cc:163) Written accs.
# Accounting: time=6 threads=1
# Ended (code 0) at Tue Oct 17 15:44:02 CST 2017, elapsed time 6 seconds
