# ali-to-post "ark:gunzip -c exp/tri3b/ali.7.gz|" ark:- | gmm-acc-stats-twofeats exp/tri3b/35.mdl "ark,s,cs:apply-cmvn  --utt2spk=ark:data/mfcc/train/split12/7/utt2spk scp:data/mfcc/train/split12/7/cmvn.scp scp:data/mfcc/train/split12/7/feats.scp ark:- | splice-feats --left-context=3 --right-context=3 ark:- ark:- | transform-feats exp/tri2b_ali/final.mat ark:- ark:- | transform-feats --utt2spk=ark:data/mfcc/train/split12/7/utt2spk ark:exp/tri3b/trans.7 ark:- ark:- |" "ark,s,cs:apply-cmvn  --utt2spk=ark:data/mfcc/train/split12/7/utt2spk scp:data/mfcc/train/split12/7/cmvn.scp scp:data/mfcc/train/split12/7/feats.scp ark:- | splice-feats --left-context=3 --right-context=3 ark:- ark:- | transform-feats exp/tri2b_ali/final.mat ark:- ark:- |" ark,s,cs:- exp/tri3b/35.7.acc 
# Started at Tue Oct 17 15:43:56 CST 2017
#
ali-to-post 'ark:gunzip -c exp/tri3b/ali.7.gz|' ark:- 
gmm-acc-stats-twofeats exp/tri3b/35.mdl 'ark,s,cs:apply-cmvn  --utt2spk=ark:data/mfcc/train/split12/7/utt2spk scp:data/mfcc/train/split12/7/cmvn.scp scp:data/mfcc/train/split12/7/feats.scp ark:- | splice-feats --left-context=3 --right-context=3 ark:- ark:- | transform-feats exp/tri2b_ali/final.mat ark:- ark:- | transform-feats --utt2spk=ark:data/mfcc/train/split12/7/utt2spk ark:exp/tri3b/trans.7 ark:- ark:- |' 'ark,s,cs:apply-cmvn  --utt2spk=ark:data/mfcc/train/split12/7/utt2spk scp:data/mfcc/train/split12/7/cmvn.scp scp:data/mfcc/train/split12/7/feats.scp ark:- | splice-feats --left-context=3 --right-context=3 ark:- ark:- | transform-feats exp/tri2b_ali/final.mat ark:- ark:- |' ark,s,cs:- exp/tri3b/35.7.acc 
transform-feats --utt2spk=ark:data/mfcc/train/split12/7/utt2spk ark:exp/tri3b/trans.7 ark:- ark:- 
apply-cmvn --utt2spk=ark:data/mfcc/train/split12/7/utt2spk scp:data/mfcc/train/split12/7/cmvn.scp scp:data/mfcc/train/split12/7/feats.scp ark:- 
splice-feats --left-context=3 --right-context=3 ark:- ark:- 
transform-feats exp/tri2b_ali/final.mat ark:- ark:- 
splice-feats --left-context=3 --right-context=3 ark:- ark:- 
transform-feats exp/tri2b_ali/final.mat ark:- ark:- 
apply-cmvn --utt2spk=ark:data/mfcc/train/split12/7/utt2spk scp:data/mfcc/train/split12/7/cmvn.scp scp:data/mfcc/train/split12/7/feats.scp ark:- 
LOG (gmm-acc-stats-twofeats[5.2.70~1-98bbe1]:main():gmm-acc-stats-twofeats.cc:140) Average like for this file is -29.0765 over 148 frames.
LOG (gmm-acc-stats-twofeats[5.2.70~1-98bbe1]:main():gmm-acc-stats-twofeats.cc:140) Average like for this file is -30.2171 over 172 frames.
LOG (gmm-acc-stats-twofeats[5.2.70~1-98bbe1]:main():gmm-acc-stats-twofeats.cc:140) Average like for this file is -28.4952 over 170 frames.
LOG (gmm-acc-stats-twofeats[5.2.70~1-98bbe1]:main():gmm-acc-stats-twofeats.cc:140) Average like for this file is -29.6539 over 176 frames.
LOG (gmm-acc-stats-twofeats[5.2.70~1-98bbe1]:main():gmm-acc-stats-twofeats.cc:140) Average like for this file is -32.0254 over 154 frames.
LOG (gmm-acc-stats-twofeats[5.2.70~1-98bbe1]:main():gmm-acc-stats-twofeats.cc:140) Average like for this file is -27.4185 over 154 frames.
LOG (gmm-acc-stats-twofeats[5.2.70~1-98bbe1]:main():gmm-acc-stats-twofeats.cc:140) Average like for this file is -29.081 over 154 frames.
LOG (gmm-acc-stats-twofeats[5.2.70~1-98bbe1]:main():gmm-acc-stats-twofeats.cc:140) Average like for this file is -29.4673 over 152 frames.
LOG (gmm-acc-stats-twofeats[5.2.70~1-98bbe1]:main():gmm-acc-stats-twofeats.cc:140) Average like for this file is -31.057 over 160 frames.
LOG (gmm-acc-stats-twofeats[5.2.70~1-98bbe1]:main():gmm-acc-stats-twofeats.cc:140) Average like for this file is -31.9406 over 162 frames.
LOG (gmm-acc-stats-twofeats[5.2.70~1-98bbe1]:main():gmm-acc-stats-twofeats.cc:146) Avg like per frame so far is -29.8497
LOG (gmm-acc-stats-twofeats[5.2.70~1-98bbe1]:main():gmm-acc-stats-twofeats.cc:140) Average like for this file is -30.9598 over 158 frames.
LOG (gmm-acc-stats-twofeats[5.2.70~1-98bbe1]:main():gmm-acc-stats-twofeats.cc:140) Average like for this file is -27.7441 over 148 frames.
LOG (gmm-acc-stats-twofeats[5.2.70~1-98bbe1]:main():gmm-acc-stats-twofeats.cc:140) Average like for this file is -34.2734 over 174 frames.
LOG (gmm-acc-stats-twofeats[5.2.70~1-98bbe1]:main():gmm-acc-stats-twofeats.cc:140) Average like for this file is -28.2221 over 142 frames.
LOG (gmm-acc-stats-twofeats[5.2.70~1-98bbe1]:main():gmm-acc-stats-twofeats.cc:140) Average like for this file is -32.8858 over 180 frames.
LOG (gmm-acc-stats-twofeats[5.2.70~1-98bbe1]:main():gmm-acc-stats-twofeats.cc:140) Average like for this file is -28.9211 over 156 frames.
LOG (gmm-acc-stats-twofeats[5.2.70~1-98bbe1]:main():gmm-acc-stats-twofeats.cc:140) Average like for this file is -27.1086 over 154 frames.
LOG (gmm-acc-stats-twofeats[5.2.70~1-98bbe1]:main():gmm-acc-stats-twofeats.cc:140) Average like for this file is -28.1566 over 178 frames.
LOG (gmm-acc-stats-twofeats[5.2.70~1-98bbe1]:main():gmm-acc-stats-twofeats.cc:140) Average like for this file is -28.238 over 176 frames.
LOG (gmm-acc-stats-twofeats[5.2.70~1-98bbe1]:main():gmm-acc-stats-twofeats.cc:140) Average like for this file is -29.0279 over 182 frames.
LOG (gmm-acc-stats-twofeats[5.2.70~1-98bbe1]:main():gmm-acc-stats-twofeats.cc:146) Avg like per frame so far is -29.7412
LOG (gmm-acc-stats-twofeats[5.2.70~1-98bbe1]:main():gmm-acc-stats-twofeats.cc:140) Average like for this file is -27.6158 over 184 frames.
LOG (gmm-acc-stats-twofeats[5.2.70~1-98bbe1]:main():gmm-acc-stats-twofeats.cc:140) Average like for this file is -29.9875 over 158 frames.
LOG (gmm-acc-stats-twofeats[5.2.70~1-98bbe1]:main():gmm-acc-stats-twofeats.cc:140) Average like for this file is -34.1687 over 194 frames.
LOG (gmm-acc-stats-twofeats[5.2.70~1-98bbe1]:main():gmm-acc-stats-twofeats.cc:140) Average like for this file is -29.6239 over 174 frames.
LOG (gmm-acc-stats-twofeats[5.2.70~1-98bbe1]:main():gmm-acc-stats-twofeats.cc:140) Average like for this file is -30.1627 over 148 frames.
LOG (gmm-acc-stats-twofeats[5.2.70~1-98bbe1]:main():gmm-acc-stats-twofeats.cc:140) Average like for this file is -29.5662 over 160 frames.
LOG (gmm-acc-stats-twofeats[5.2.70~1-98bbe1]:main():gmm-acc-stats-twofeats.cc:140) Average like for this file is -28.5226 over 146 frames.
LOG (gmm-acc-stats-twofeats[5.2.70~1-98bbe1]:main():gmm-acc-stats-twofeats.cc:140) Average like for this file is -31.9239 over 194 frames.
LOG (gmm-acc-stats-twofeats[5.2.70~1-98bbe1]:main():gmm-acc-stats-twofeats.cc:140) Average like for this file is -36.2736 over 208 frames.
LOG (gmm-acc-stats-twofeats[5.2.70~1-98bbe1]:main():gmm-acc-stats-twofeats.cc:140) Average like for this file is -27.8159 over 156 frames.
LOG (gmm-acc-stats-twofeats[5.2.70~1-98bbe1]:main():gmm-acc-stats-twofeats.cc:146) Avg like per frame so far is -30.1082
LOG (gmm-acc-stats-twofeats[5.2.70~1-98bbe1]:main():gmm-acc-stats-twofeats.cc:140) Average like for this file is -35.4359 over 230 frames.
LOG (gmm-acc-stats-twofeats[5.2.70~1-98bbe1]:main():gmm-acc-stats-twofeats.cc:140) Average like for this file is -34.6161 over 190 frames.
LOG (gmm-acc-stats-twofeats[5.2.70~1-98bbe1]:main():gmm-acc-stats-twofeats.cc:140) Average like for this file is -34.1812 over 206 frames.
LOG (gmm-acc-stats-twofeats[5.2.70~1-98bbe1]:main():gmm-acc-stats-twofeats.cc:140) Average like for this file is -33.374 over 206 frames.
LOG (gmm-acc-stats-twofeats[5.2.70~1-98bbe1]:main():gmm-acc-stats-twofeats.cc:140) Average like for this file is -34.2457 over 176 frames.
LOG (gmm-acc-stats-twofeats[5.2.70~1-98bbe1]:main():gmm-acc-stats-twofeats.cc:140) Average like for this file is -30.5592 over 190 frames.
LOG (gmm-acc-stats-twofeats[5.2.70~1-98bbe1]:main():gmm-acc-stats-twofeats.cc:140) Average like for this file is -30.3755 over 194 frames.
LOG (gmm-acc-stats-twofeats[5.2.70~1-98bbe1]:main():gmm-acc-stats-twofeats.cc:140) Average like for this file is -31.3829 over 206 frames.
LOG (gmm-acc-stats-twofeats[5.2.70~1-98bbe1]:main():gmm-acc-stats-twofeats.cc:140) Average like for this file is -30.9576 over 204 frames.
LOG (gmm-acc-stats-twofeats[5.2.70~1-98bbe1]:main():gmm-acc-stats-twofeats.cc:140) Average like for this file is -33.5361 over 202 frames.
LOG (gmm-acc-stats-twofeats[5.2.70~1-98bbe1]:main():gmm-acc-stats-twofeats.cc:146) Avg like per frame so far is -30.9092
LOG (gmm-acc-stats-twofeats[5.2.70~1-98bbe1]:main():gmm-acc-stats-twofeats.cc:140) Average like for this file is -31.0886 over 150 frames.
LOG (gmm-acc-stats-twofeats[5.2.70~1-98bbe1]:main():gmm-acc-stats-twofeats.cc:140) Average like for this file is -30.6375 over 192 frames.
LOG (gmm-acc-stats-twofeats[5.2.70~1-98bbe1]:main():gmm-acc-stats-twofeats.cc:140) Average like for this file is -29.6456 over 190 frames.
LOG (gmm-acc-stats-twofeats[5.2.70~1-98bbe1]:main():gmm-acc-stats-twofeats.cc:140) Average like for this file is -30.2556 over 194 frames.
LOG (gmm-acc-stats-twofeats[5.2.70~1-98bbe1]:main():gmm-acc-stats-twofeats.cc:140) Average like for this file is -30.6862 over 192 frames.
LOG (gmm-acc-stats-twofeats[5.2.70~1-98bbe1]:main():gmm-acc-stats-twofeats.cc:140) Average like for this file is -29.6495 over 154 frames.
LOG (gmm-acc-stats-twofeats[5.2.70~1-98bbe1]:main():gmm-acc-stats-twofeats.cc:140) Average like for this file is -29.1654 over 158 frames.
LOG (gmm-acc-stats-twofeats[5.2.70~1-98bbe1]:main():gmm-acc-stats-twofeats.cc:140) Average like for this file is -30.1939 over 154 frames.
LOG (gmm-acc-stats-twofeats[5.2.70~1-98bbe1]:main():gmm-acc-stats-twofeats.cc:140) Average like for this file is -31.6508 over 190 frames.
LOG (gmm-acc-stats-twofeats[5.2.70~1-98bbe1]:main():gmm-acc-stats-twofeats.cc:140) Average like for this file is -32.8437 over 202 frames.
LOG (gmm-acc-stats-twofeats[5.2.70~1-98bbe1]:main():gmm-acc-stats-twofeats.cc:146) Avg like per frame so far is -30.854
LOG (gmm-acc-stats-twofeats[5.2.70~1-98bbe1]:main():gmm-acc-stats-twofeats.cc:140) Average like for this file is -34.3652 over 186 frames.
LOG (gmm-acc-stats-twofeats[5.2.70~1-98bbe1]:main():gmm-acc-stats-twofeats.cc:140) Average like for this file is -31.4345 over 184 frames.
LOG (gmm-acc-stats-twofeats[5.2.70~1-98bbe1]:main():gmm-acc-stats-twofeats.cc:140) Average like for this file is -32.494 over 194 frames.
LOG (gmm-acc-stats-twofeats[5.2.70~1-98bbe1]:main():gmm-acc-stats-twofeats.cc:140) Average like for this file is -32.04 over 192 frames.
LOG (gmm-acc-stats-twofeats[5.2.70~1-98bbe1]:main():gmm-acc-stats-twofeats.cc:140) Average like for this file is -31.53 over 194 frames.
LOG (gmm-acc-stats-twofeats[5.2.70~1-98bbe1]:main():gmm-acc-stats-twofeats.cc:140) Average like for this file is -33.592 over 200 frames.
LOG (gmm-acc-stats-twofeats[5.2.70~1-98bbe1]:main():gmm-acc-stats-twofeats.cc:140) Average like for this file is -31.3575 over 168 frames.
LOG (gmm-acc-stats-twofeats[5.2.70~1-98bbe1]:main():gmm-acc-stats-twofeats.cc:140) Average like for this file is -29.561 over 176 frames.
LOG (gmm-acc-stats-twofeats[5.2.70~1-98bbe1]:main():gmm-acc-stats-twofeats.cc:140) Average like for this file is -29.1908 over 172 frames.
LOG (gmm-acc-stats-twofeats[5.2.70~1-98bbe1]:main():gmm-acc-stats-twofeats.cc:140) Average like for this file is -29.9918 over 174 frames.
LOG (gmm-acc-stats-twofeats[5.2.70~1-98bbe1]:main():gmm-acc-stats-twofeats.cc:146) Avg like per frame so far is -30.9867
LOG (gmm-acc-stats-twofeats[5.2.70~1-98bbe1]:main():gmm-acc-stats-twofeats.cc:140) Average like for this file is -30.1921 over 194 frames.
LOG (ali-to-post[5.2.70~1-98bbe1]:main():ali-to-post.cc:73) Converted 75 alignments.
LOG (gmm-acc-stats-twofeats[5.2.70~1-98bbe1]:main():gmm-acc-stats-twofeats.cc:140) Average like for this file is -31.7837 over 178 frames.
LOG (gmm-acc-stats-twofeats[5.2.70~1-98bbe1]:main():gmm-acc-stats-twofeats.cc:140) Average like for this file is -32.9005 over 170 frames.
LOG (gmm-acc-stats-twofeats[5.2.70~1-98bbe1]:main():gmm-acc-stats-twofeats.cc:140) Average like for this file is -30.8201 over 184 frames.
LOG (gmm-acc-stats-twofeats[5.2.70~1-98bbe1]:main():gmm-acc-stats-twofeats.cc:140) Average like for this file is -31.1212 over 170 frames.
LOG (gmm-acc-stats-twofeats[5.2.70~1-98bbe1]:main():gmm-acc-stats-twofeats.cc:140) Average like for this file is -31.5708 over 168 frames.
LOG (gmm-acc-stats-twofeats[5.2.70~1-98bbe1]:main():gmm-acc-stats-twofeats.cc:140) Average like for this file is -33.5178 over 436 frames.
LOG (gmm-acc-stats-twofeats[5.2.70~1-98bbe1]:main():gmm-acc-stats-twofeats.cc:140) Average like for this file is -34.3292 over 426 frames.
LOG (apply-cmvn[5.2.70~1-98bbe1]:main():apply-cmvn.cc:162) Applied cepstral mean normalization to 75 utterances, errors on 0
LOG (gmm-acc-stats-twofeats[5.2.70~1-98bbe1]:main():gmm-acc-stats-twofeats.cc:140) Average like for this file is -34.6722 over 430 frames.
LOG (apply-cmvn[5.2.70~1-98bbe1]:main():apply-cmvn.cc:162) Applied cepstral mean normalization to 75 utterances, errors on 0
LOG (gmm-acc-stats-twofeats[5.2.70~1-98bbe1]:main():gmm-acc-stats-twofeats.cc:140) Average like for this file is -34.1995 over 432 frames.
LOG (gmm-acc-stats-twofeats[5.2.70~1-98bbe1]:main():gmm-acc-stats-twofeats.cc:146) Avg like per frame so far is -31.4279
LOG (gmm-acc-stats-twofeats[5.2.70~1-98bbe1]:main():gmm-acc-stats-twofeats.cc:140) Average like for this file is -34.063 over 428 frames.
LOG (gmm-acc-stats-twofeats[5.2.70~1-98bbe1]:main():gmm-acc-stats-twofeats.cc:140) Average like for this file is -34.8878 over 426 frames.
LOG (gmm-acc-stats-twofeats[5.2.70~1-98bbe1]:main():gmm-acc-stats-twofeats.cc:140) Average like for this file is -34.104 over 428 frames.
LOG (transform-feats[5.2.70~1-98bbe1]:main():transform-feats.cc:158) Overall average [pseudo-]logdet is -86.479 over 15522 frames.
LOG (transform-feats[5.2.70~1-98bbe1]:main():transform-feats.cc:161) Applied transform to 75 utterances; 0 had errors.
LOG (gmm-acc-stats-twofeats[5.2.70~1-98bbe1]:main():gmm-acc-stats-twofeats.cc:140) Average like for this file is -33.5152 over 430 frames.
LOG (transform-feats[5.2.70~1-98bbe1]:main():transform-feats.cc:158) Overall average logdet is 3.8147 over 15522 frames.
LOG (transform-feats[5.2.70~1-98bbe1]:main():transform-feats.cc:158) Overall average [pseudo-]logdet is -86.479 over 15522 frames.
LOG (transform-feats[5.2.70~1-98bbe1]:main():transform-feats.cc:161) Applied transform to 75 utterances; 0 had errors.
LOG (transform-feats[5.2.70~1-98bbe1]:main():transform-feats.cc:161) Applied transform to 75 utterances; 0 had errors.
LOG (gmm-acc-stats-twofeats[5.2.70~1-98bbe1]:main():gmm-acc-stats-twofeats.cc:140) Average like for this file is -33.6284 over 430 frames.
LOG (gmm-acc-stats-twofeats[5.2.70~1-98bbe1]:main():gmm-acc-stats-twofeats.cc:150) Done 75 files, 0 with no posteriors, 0 with no second features, 0 with other errors.
LOG (gmm-acc-stats-twofeats[5.2.70~1-98bbe1]:main():gmm-acc-stats-twofeats.cc:155) Overall avg like per frame (Gaussian only) = -31.7881 over 15522 frames.
LOG (gmm-acc-stats-twofeats[5.2.70~1-98bbe1]:main():gmm-acc-stats-twofeats.cc:163) Written accs.
# Accounting: time=3 threads=1
# Ended (code 0) at Tue Oct 17 15:43:59 CST 2017, elapsed time 3 seconds
