# ali-to-post "ark:gunzip -c exp/tri3b/ali.11.gz|" ark:- | gmm-acc-stats-twofeats exp/tri3b/35.mdl "ark,s,cs:apply-cmvn  --utt2spk=ark:data/mfcc/train/split12/11/utt2spk scp:data/mfcc/train/split12/11/cmvn.scp scp:data/mfcc/train/split12/11/feats.scp ark:- | splice-feats --left-context=3 --right-context=3 ark:- ark:- | transform-feats exp/tri2b_ali/final.mat ark:- ark:- | transform-feats --utt2spk=ark:data/mfcc/train/split12/11/utt2spk ark:exp/tri3b/trans.11 ark:- ark:- |" "ark,s,cs:apply-cmvn  --utt2spk=ark:data/mfcc/train/split12/11/utt2spk scp:data/mfcc/train/split12/11/cmvn.scp scp:data/mfcc/train/split12/11/feats.scp ark:- | splice-feats --left-context=3 --right-context=3 ark:- ark:- | transform-feats exp/tri2b_ali/final.mat ark:- ark:- |" ark,s,cs:- exp/tri3b/35.11.acc 
# Started at Tue Oct 17 15:43:56 CST 2017
#
ali-to-post 'ark:gunzip -c exp/tri3b/ali.11.gz|' ark:- 
gmm-acc-stats-twofeats exp/tri3b/35.mdl 'ark,s,cs:apply-cmvn  --utt2spk=ark:data/mfcc/train/split12/11/utt2spk scp:data/mfcc/train/split12/11/cmvn.scp scp:data/mfcc/train/split12/11/feats.scp ark:- | splice-feats --left-context=3 --right-context=3 ark:- ark:- | transform-feats exp/tri2b_ali/final.mat ark:- ark:- | transform-feats --utt2spk=ark:data/mfcc/train/split12/11/utt2spk ark:exp/tri3b/trans.11 ark:- ark:- |' 'ark,s,cs:apply-cmvn  --utt2spk=ark:data/mfcc/train/split12/11/utt2spk scp:data/mfcc/train/split12/11/cmvn.scp scp:data/mfcc/train/split12/11/feats.scp ark:- | splice-feats --left-context=3 --right-context=3 ark:- ark:- | transform-feats exp/tri2b_ali/final.mat ark:- ark:- |' ark,s,cs:- exp/tri3b/35.11.acc 
splice-feats --left-context=3 --right-context=3 ark:- ark:- 
apply-cmvn --utt2spk=ark:data/mfcc/train/split12/11/utt2spk scp:data/mfcc/train/split12/11/cmvn.scp scp:data/mfcc/train/split12/11/feats.scp ark:- 
transform-feats --utt2spk=ark:data/mfcc/train/split12/11/utt2spk ark:exp/tri3b/trans.11 ark:- ark:- 
transform-feats exp/tri2b_ali/final.mat ark:- ark:- 
apply-cmvn --utt2spk=ark:data/mfcc/train/split12/11/utt2spk scp:data/mfcc/train/split12/11/cmvn.scp scp:data/mfcc/train/split12/11/feats.scp ark:- 
splice-feats --left-context=3 --right-context=3 ark:- ark:- 
transform-feats exp/tri2b_ali/final.mat ark:- ark:- 
LOG (gmm-acc-stats-twofeats[5.2.70~1-98bbe1]:main():gmm-acc-stats-twofeats.cc:140) Average like for this file is -34.4328 over 318 frames.
LOG (gmm-acc-stats-twofeats[5.2.70~1-98bbe1]:main():gmm-acc-stats-twofeats.cc:140) Average like for this file is -32.1466 over 168 frames.
LOG (gmm-acc-stats-twofeats[5.2.70~1-98bbe1]:main():gmm-acc-stats-twofeats.cc:140) Average like for this file is -27.7737 over 238 frames.
LOG (gmm-acc-stats-twofeats[5.2.70~1-98bbe1]:main():gmm-acc-stats-twofeats.cc:140) Average like for this file is -30.8105 over 838 frames.
LOG (gmm-acc-stats-twofeats[5.2.70~1-98bbe1]:main():gmm-acc-stats-twofeats.cc:140) Average like for this file is -35.1277 over 338 frames.
LOG (gmm-acc-stats-twofeats[5.2.70~1-98bbe1]:main():gmm-acc-stats-twofeats.cc:140) Average like for this file is -38.5993 over 868 frames.
LOG (gmm-acc-stats-twofeats[5.2.70~1-98bbe1]:main():gmm-acc-stats-twofeats.cc:140) Average like for this file is -33.1003 over 678 frames.
LOG (gmm-acc-stats-twofeats[5.2.70~1-98bbe1]:main():gmm-acc-stats-twofeats.cc:140) Average like for this file is -33.8857 over 318 frames.
LOG (gmm-acc-stats-twofeats[5.2.70~1-98bbe1]:main():gmm-acc-stats-twofeats.cc:140) Average like for this file is -36.6377 over 708 frames.
LOG (gmm-acc-stats-twofeats[5.2.70~1-98bbe1]:main():gmm-acc-stats-twofeats.cc:140) Average like for this file is -31.0175 over 878 frames.
LOG (gmm-acc-stats-twofeats[5.2.70~1-98bbe1]:main():gmm-acc-stats-twofeats.cc:146) Avg like per frame so far is -33.7472
LOG (gmm-acc-stats-twofeats[5.2.70~1-98bbe1]:main():gmm-acc-stats-twofeats.cc:140) Average like for this file is -32.2877 over 258 frames.
LOG (gmm-acc-stats-twofeats[5.2.70~1-98bbe1]:main():gmm-acc-stats-twofeats.cc:140) Average like for this file is -29.0142 over 248 frames.
LOG (gmm-acc-stats-twofeats[5.2.70~1-98bbe1]:main():gmm-acc-stats-twofeats.cc:140) Average like for this file is -35.5039 over 198 frames.
LOG (gmm-acc-stats-twofeats[5.2.70~1-98bbe1]:main():gmm-acc-stats-twofeats.cc:140) Average like for this file is -26.6435 over 98 frames.
LOG (gmm-acc-stats-twofeats[5.2.70~1-98bbe1]:main():gmm-acc-stats-twofeats.cc:140) Average like for this file is -25.8284 over 338 frames.
LOG (gmm-acc-stats-twofeats[5.2.70~1-98bbe1]:main():gmm-acc-stats-twofeats.cc:140) Average like for this file is -26.3275 over 998 frames.
LOG (gmm-acc-stats-twofeats[5.2.70~1-98bbe1]:main():gmm-acc-stats-twofeats.cc:140) Average like for this file is -26.9516 over 478 frames.
LOG (gmm-acc-stats-twofeats[5.2.70~1-98bbe1]:main():gmm-acc-stats-twofeats.cc:140) Average like for this file is -25.7026 over 888 frames.
LOG (gmm-acc-stats-twofeats[5.2.70~1-98bbe1]:main():gmm-acc-stats-twofeats.cc:140) Average like for this file is -25.3894 over 1298 frames.
LOG (gmm-acc-stats-twofeats[5.2.70~1-98bbe1]:main():gmm-acc-stats-twofeats.cc:140) Average like for this file is -26.4914 over 1398 frames.
LOG (gmm-acc-stats-twofeats[5.2.70~1-98bbe1]:main():gmm-acc-stats-twofeats.cc:146) Avg like per frame so far is -29.9927
LOG (gmm-acc-stats-twofeats[5.2.70~1-98bbe1]:main():gmm-acc-stats-twofeats.cc:140) Average like for this file is -29.0595 over 598 frames.
LOG (gmm-acc-stats-twofeats[5.2.70~1-98bbe1]:main():gmm-acc-stats-twofeats.cc:140) Average like for this file is -30.0429 over 1298 frames.
LOG (gmm-acc-stats-twofeats[5.2.70~1-98bbe1]:main():gmm-acc-stats-twofeats.cc:140) Average like for this file is -37.5505 over 1798 frames.
LOG (gmm-acc-stats-twofeats[5.2.70~1-98bbe1]:main():gmm-acc-stats-twofeats.cc:140) Average like for this file is -28.9323 over 698 frames.
LOG (gmm-acc-stats-twofeats[5.2.70~1-98bbe1]:main():gmm-acc-stats-twofeats.cc:140) Average like for this file is -25.5972 over 1598 frames.
LOG (gmm-acc-stats-twofeats[5.2.70~1-98bbe1]:main():gmm-acc-stats-twofeats.cc:140) Average like for this file is -27.4893 over 98 frames.
LOG (gmm-acc-stats-twofeats[5.2.70~1-98bbe1]:main():gmm-acc-stats-twofeats.cc:140) Average like for this file is -31.8169 over 198 frames.
LOG (gmm-acc-stats-twofeats[5.2.70~1-98bbe1]:main():gmm-acc-stats-twofeats.cc:140) Average like for this file is -33.0763 over 1298 frames.
LOG (gmm-acc-stats-twofeats[5.2.70~1-98bbe1]:main():gmm-acc-stats-twofeats.cc:140) Average like for this file is -37.734 over 198 frames.
LOG (gmm-acc-stats-twofeats[5.2.70~1-98bbe1]:main():gmm-acc-stats-twofeats.cc:140) Average like for this file is -30.0956 over 1798 frames.
LOG (gmm-acc-stats-twofeats[5.2.70~1-98bbe1]:main():gmm-acc-stats-twofeats.cc:146) Avg like per frame so far is -30.5213
LOG (gmm-acc-stats-twofeats[5.2.70~1-98bbe1]:main():gmm-acc-stats-twofeats.cc:140) Average like for this file is -30.1141 over 1898 frames.
LOG (gmm-acc-stats-twofeats[5.2.70~1-98bbe1]:main():gmm-acc-stats-twofeats.cc:140) Average like for this file is -26.5107 over 498 frames.
LOG (gmm-acc-stats-twofeats[5.2.70~1-98bbe1]:main():gmm-acc-stats-twofeats.cc:140) Average like for this file is -32.9372 over 1498 frames.
LOG (gmm-acc-stats-twofeats[5.2.70~1-98bbe1]:main():gmm-acc-stats-twofeats.cc:140) Average like for this file is -37.9786 over 98 frames.
LOG (gmm-acc-stats-twofeats[5.2.70~1-98bbe1]:main():gmm-acc-stats-twofeats.cc:140) Average like for this file is -32.0049 over 1298 frames.
LOG (gmm-acc-stats-twofeats[5.2.70~1-98bbe1]:main():gmm-acc-stats-twofeats.cc:140) Average like for this file is -29.5736 over 1498 frames.
LOG (gmm-acc-stats-twofeats[5.2.70~1-98bbe1]:main():gmm-acc-stats-twofeats.cc:140) Average like for this file is -25.2631 over 898 frames.
LOG (gmm-acc-stats-twofeats[5.2.70~1-98bbe1]:main():gmm-acc-stats-twofeats.cc:140) Average like for this file is -33.2639 over 798 frames.
LOG (gmm-acc-stats-twofeats[5.2.70~1-98bbe1]:main():gmm-acc-stats-twofeats.cc:140) Average like for this file is -37.1636 over 798 frames.
LOG (gmm-acc-stats-twofeats[5.2.70~1-98bbe1]:main():gmm-acc-stats-twofeats.cc:140) Average like for this file is -38.1159 over 898 frames.
LOG (gmm-acc-stats-twofeats[5.2.70~1-98bbe1]:main():gmm-acc-stats-twofeats.cc:146) Avg like per frame so far is -30.8941
LOG (gmm-acc-stats-twofeats[5.2.70~1-98bbe1]:main():gmm-acc-stats-twofeats.cc:140) Average like for this file is -44.6403 over 1598 frames.
LOG (gmm-acc-stats-twofeats[5.2.70~1-98bbe1]:main():gmm-acc-stats-twofeats.cc:140) Average like for this file is -34.2823 over 698 frames.
LOG (gmm-acc-stats-twofeats[5.2.70~1-98bbe1]:main():gmm-acc-stats-twofeats.cc:140) Average like for this file is -35.0901 over 1298 frames.
LOG (gmm-acc-stats-twofeats[5.2.70~1-98bbe1]:main():gmm-acc-stats-twofeats.cc:140) Average like for this file is -32.7682 over 998 frames.
LOG (gmm-acc-stats-twofeats[5.2.70~1-98bbe1]:main():gmm-acc-stats-twofeats.cc:140) Average like for this file is -30.1499 over 1498 frames.
LOG (gmm-acc-stats-twofeats[5.2.70~1-98bbe1]:main():gmm-acc-stats-twofeats.cc:140) Average like for this file is -30.3852 over 1498 frames.
LOG (gmm-acc-stats-twofeats[5.2.70~1-98bbe1]:main():gmm-acc-stats-twofeats.cc:140) Average like for this file is -35.121 over 1798 frames.
LOG (gmm-acc-stats-twofeats[5.2.70~1-98bbe1]:main():gmm-acc-stats-twofeats.cc:140) Average like for this file is -30.0298 over 998 frames.
LOG (gmm-acc-stats-twofeats[5.2.70~1-98bbe1]:main():gmm-acc-stats-twofeats.cc:140) Average like for this file is -33.3787 over 598 frames.
LOG (gmm-acc-stats-twofeats[5.2.70~1-98bbe1]:main():gmm-acc-stats-twofeats.cc:140) Average like for this file is -25.896 over 1898 frames.
LOG (gmm-acc-stats-twofeats[5.2.70~1-98bbe1]:main():gmm-acc-stats-twofeats.cc:146) Avg like per frame so far is -31.5392
LOG (gmm-acc-stats-twofeats[5.2.70~1-98bbe1]:main():gmm-acc-stats-twofeats.cc:140) Average like for this file is -26.8034 over 1298 frames.
LOG (gmm-acc-stats-twofeats[5.2.70~1-98bbe1]:main():gmm-acc-stats-twofeats.cc:140) Average like for this file is -31.6434 over 998 frames.
LOG (gmm-acc-stats-twofeats[5.2.70~1-98bbe1]:main():gmm-acc-stats-twofeats.cc:140) Average like for this file is -27.8308 over 1198 frames.
LOG (gmm-acc-stats-twofeats[5.2.70~1-98bbe1]:main():gmm-acc-stats-twofeats.cc:140) Average like for this file is -34.8454 over 1598 frames.
LOG (gmm-acc-stats-twofeats[5.2.70~1-98bbe1]:main():gmm-acc-stats-twofeats.cc:140) Average like for this file is -37.7654 over 298 frames.
LOG (gmm-acc-stats-twofeats[5.2.70~1-98bbe1]:main():gmm-acc-stats-twofeats.cc:140) Average like for this file is -44.3193 over 898 frames.
LOG (gmm-acc-stats-twofeats[5.2.70~1-98bbe1]:main():gmm-acc-stats-twofeats.cc:140) Average like for this file is -37.1947 over 598 frames.
LOG (gmm-acc-stats-twofeats[5.2.70~1-98bbe1]:main():gmm-acc-stats-twofeats.cc:140) Average like for this file is -48.3971 over 898 frames.
LOG (gmm-acc-stats-twofeats[5.2.70~1-98bbe1]:main():gmm-acc-stats-twofeats.cc:140) Average like for this file is -46.8922 over 998 frames.
LOG (gmm-acc-stats-twofeats[5.2.70~1-98bbe1]:main():gmm-acc-stats-twofeats.cc:140) Average like for this file is -42.7 over 1798 frames.
LOG (gmm-acc-stats-twofeats[5.2.70~1-98bbe1]:main():gmm-acc-stats-twofeats.cc:146) Avg like per frame so far is -32.6719
LOG (gmm-acc-stats-twofeats[5.2.70~1-98bbe1]:main():gmm-acc-stats-twofeats.cc:140) Average like for this file is -41.7555 over 1098 frames.
LOG (gmm-acc-stats-twofeats[5.2.70~1-98bbe1]:main():gmm-acc-stats-twofeats.cc:140) Average like for this file is -40.8309 over 1098 frames.
LOG (gmm-acc-stats-twofeats[5.2.70~1-98bbe1]:main():gmm-acc-stats-twofeats.cc:140) Average like for this file is -32.6624 over 398 frames.
LOG (gmm-acc-stats-twofeats[5.2.70~1-98bbe1]:main():gmm-acc-stats-twofeats.cc:140) Average like for this file is -44.16 over 1598 frames.
LOG (gmm-acc-stats-twofeats[5.2.70~1-98bbe1]:main():gmm-acc-stats-twofeats.cc:140) Average like for this file is -44.8985 over 1698 frames.
LOG (gmm-acc-stats-twofeats[5.2.70~1-98bbe1]:main():gmm-acc-stats-twofeats.cc:140) Average like for this file is -39.3513 over 698 frames.
LOG (gmm-acc-stats-twofeats[5.2.70~1-98bbe1]:main():gmm-acc-stats-twofeats.cc:140) Average like for this file is -34.0507 over 1198 frames.
LOG (gmm-acc-stats-twofeats[5.2.70~1-98bbe1]:main():gmm-acc-stats-twofeats.cc:140) Average like for this file is -27.8224 over 398 frames.
LOG (gmm-acc-stats-twofeats[5.2.70~1-98bbe1]:main():gmm-acc-stats-twofeats.cc:140) Average like for this file is -22.0671 over 1598 frames.
LOG (gmm-acc-stats-twofeats[5.2.70~1-98bbe1]:main():gmm-acc-stats-twofeats.cc:140) Average like for this file is -29.8312 over 1598 frames.
LOG (gmm-acc-stats-twofeats[5.2.70~1-98bbe1]:main():gmm-acc-stats-twofeats.cc:146) Avg like per frame so far is -33.2909
LOG (gmm-acc-stats-twofeats[5.2.70~1-98bbe1]:main():gmm-acc-stats-twofeats.cc:140) Average like for this file is -33.8645 over 698 frames.
LOG (gmm-acc-stats-twofeats[5.2.70~1-98bbe1]:main():gmm-acc-stats-twofeats.cc:140) Average like for this file is -26.812 over 898 frames.
LOG (gmm-acc-stats-twofeats[5.2.70~1-98bbe1]:main():gmm-acc-stats-twofeats.cc:140) Average like for this file is -34.035 over 1598 frames.
LOG (gmm-acc-stats-twofeats[5.2.70~1-98bbe1]:main():gmm-acc-stats-twofeats.cc:140) Average like for this file is -31.3426 over 698 frames.
LOG (gmm-acc-stats-twofeats[5.2.70~1-98bbe1]:main():gmm-acc-stats-twofeats.cc:140) Average like for this file is -28.3422 over 1798 frames.
LOG (gmm-acc-stats-twofeats[5.2.70~1-98bbe1]:main():gmm-acc-stats-twofeats.cc:140) Average like for this file is -36.2887 over 1298 frames.
LOG (gmm-acc-stats-twofeats[5.2.70~1-98bbe1]:main():gmm-acc-stats-twofeats.cc:140) Average like for this file is -33.4154 over 498 frames.
LOG (ali-to-post[5.2.70~1-98bbe1]:main():ali-to-post.cc:73) Converted 83 alignments.
LOG (gmm-acc-stats-twofeats[5.2.70~1-98bbe1]:main():gmm-acc-stats-twofeats.cc:140) Average like for this file is -40.8349 over 1098 frames.
LOG (apply-cmvn[5.2.70~1-98bbe1]:main():apply-cmvn.cc:162) Applied cepstral mean normalization to 83 utterances, errors on 0
LOG (gmm-acc-stats-twofeats[5.2.70~1-98bbe1]:main():gmm-acc-stats-twofeats.cc:140) Average like for this file is -34.9154 over 1598 frames.
LOG (apply-cmvn[5.2.70~1-98bbe1]:main():apply-cmvn.cc:162) Applied cepstral mean normalization to 83 utterances, errors on 0
LOG (gmm-acc-stats-twofeats[5.2.70~1-98bbe1]:main():gmm-acc-stats-twofeats.cc:140) Average like for this file is -30.9822 over 598 frames.
LOG (gmm-acc-stats-twofeats[5.2.70~1-98bbe1]:main():gmm-acc-stats-twofeats.cc:146) Avg like per frame so far is -33.2775
LOG (gmm-acc-stats-twofeats[5.2.70~1-98bbe1]:main():gmm-acc-stats-twofeats.cc:140) Average like for this file is -36.2849 over 198 frames.
LOG (transform-feats[5.2.70~1-98bbe1]:main():transform-feats.cc:158) Overall average [pseudo-]logdet is -86.479 over 79624 frames.
LOG (transform-feats[5.2.70~1-98bbe1]:main():transform-feats.cc:161) Applied transform to 83 utterances; 0 had errors.
LOG (gmm-acc-stats-twofeats[5.2.70~1-98bbe1]:main():gmm-acc-stats-twofeats.cc:140) Average like for this file is -34.7598 over 1198 frames.
LOG (transform-feats[5.2.70~1-98bbe1]:main():transform-feats.cc:158) Overall average logdet is 0 over 79624 frames.
LOG (transform-feats[5.2.70~1-98bbe1]:main():transform-feats.cc:158) Overall average [pseudo-]logdet is -86.479 over 79624 frames.
LOG (transform-feats[5.2.70~1-98bbe1]:main():transform-feats.cc:161) Applied transform to 83 utterances; 0 had errors.
LOG (transform-feats[5.2.70~1-98bbe1]:main():transform-feats.cc:161) Applied transform to 83 utterances; 0 had errors.
LOG (gmm-acc-stats-twofeats[5.2.70~1-98bbe1]:main():gmm-acc-stats-twofeats.cc:140) Average like for this file is -35.1505 over 1298 frames.
LOG (gmm-acc-stats-twofeats[5.2.70~1-98bbe1]:main():gmm-acc-stats-twofeats.cc:150) Done 83 files, 0 with no posteriors, 0 with no second features, 0 with other errors.
LOG (gmm-acc-stats-twofeats[5.2.70~1-98bbe1]:main():gmm-acc-stats-twofeats.cc:155) Overall avg like per frame (Gaussian only) = -33.3378 over 79624 frames.
LOG (gmm-acc-stats-twofeats[5.2.70~1-98bbe1]:main():gmm-acc-stats-twofeats.cc:163) Written accs.
# Accounting: time=21 threads=1
# Ended (code 0) at Tue Oct 17 15:44:17 CST 2017, elapsed time 21 seconds
