# ali-to-post "ark:gunzip -c exp/tri3b/ali.5.gz|" ark:- | gmm-acc-stats-twofeats exp/tri3b/35.mdl "ark,s,cs:apply-cmvn  --utt2spk=ark:data/mfcc/train/split12/5/utt2spk scp:data/mfcc/train/split12/5/cmvn.scp scp:data/mfcc/train/split12/5/feats.scp ark:- | splice-feats --left-context=3 --right-context=3 ark:- ark:- | transform-feats exp/tri2b_ali/final.mat ark:- ark:- | transform-feats --utt2spk=ark:data/mfcc/train/split12/5/utt2spk ark:exp/tri3b/trans.5 ark:- ark:- |" "ark,s,cs:apply-cmvn  --utt2spk=ark:data/mfcc/train/split12/5/utt2spk scp:data/mfcc/train/split12/5/cmvn.scp scp:data/mfcc/train/split12/5/feats.scp ark:- | splice-feats --left-context=3 --right-context=3 ark:- ark:- | transform-feats exp/tri2b_ali/final.mat ark:- ark:- |" ark,s,cs:- exp/tri3b/35.5.acc 
# Started at Tue Oct 17 15:43:56 CST 2017
#
ali-to-post 'ark:gunzip -c exp/tri3b/ali.5.gz|' ark:- 
gmm-acc-stats-twofeats exp/tri3b/35.mdl 'ark,s,cs:apply-cmvn  --utt2spk=ark:data/mfcc/train/split12/5/utt2spk scp:data/mfcc/train/split12/5/cmvn.scp scp:data/mfcc/train/split12/5/feats.scp ark:- | splice-feats --left-context=3 --right-context=3 ark:- ark:- | transform-feats exp/tri2b_ali/final.mat ark:- ark:- | transform-feats --utt2spk=ark:data/mfcc/train/split12/5/utt2spk ark:exp/tri3b/trans.5 ark:- ark:- |' 'ark,s,cs:apply-cmvn  --utt2spk=ark:data/mfcc/train/split12/5/utt2spk scp:data/mfcc/train/split12/5/cmvn.scp scp:data/mfcc/train/split12/5/feats.scp ark:- | splice-feats --left-context=3 --right-context=3 ark:- ark:- | transform-feats exp/tri2b_ali/final.mat ark:- ark:- |' ark,s,cs:- exp/tri3b/35.5.acc 
transform-feats --utt2spk=ark:data/mfcc/train/split12/5/utt2spk ark:exp/tri3b/trans.5 ark:- ark:- 
apply-cmvn --utt2spk=ark:data/mfcc/train/split12/5/utt2spk scp:data/mfcc/train/split12/5/cmvn.scp scp:data/mfcc/train/split12/5/feats.scp ark:- 
transform-feats exp/tri2b_ali/final.mat ark:- ark:- 
splice-feats --left-context=3 --right-context=3 ark:- ark:- 
transform-feats exp/tri2b_ali/final.mat ark:- ark:- 
apply-cmvn --utt2spk=ark:data/mfcc/train/split12/5/utt2spk scp:data/mfcc/train/split12/5/cmvn.scp scp:data/mfcc/train/split12/5/feats.scp ark:- 
splice-feats --left-context=3 --right-context=3 ark:- ark:- 
LOG (gmm-acc-stats-twofeats[5.2.70~1-98bbe1]:main():gmm-acc-stats-twofeats.cc:140) Average like for this file is -36.8847 over 258 frames.
LOG (gmm-acc-stats-twofeats[5.2.70~1-98bbe1]:main():gmm-acc-stats-twofeats.cc:140) Average like for this file is -40.0794 over 205 frames.
LOG (gmm-acc-stats-twofeats[5.2.70~1-98bbe1]:main():gmm-acc-stats-twofeats.cc:140) Average like for this file is -45.9184 over 144 frames.
LOG (gmm-acc-stats-twofeats[5.2.70~1-98bbe1]:main():gmm-acc-stats-twofeats.cc:140) Average like for this file is -40.3519 over 202 frames.
LOG (gmm-acc-stats-twofeats[5.2.70~1-98bbe1]:main():gmm-acc-stats-twofeats.cc:140) Average like for this file is -40.9275 over 272 frames.
LOG (gmm-acc-stats-twofeats[5.2.70~1-98bbe1]:main():gmm-acc-stats-twofeats.cc:140) Average like for this file is -39.2853 over 158 frames.
LOG (gmm-acc-stats-twofeats[5.2.70~1-98bbe1]:main():gmm-acc-stats-twofeats.cc:140) Average like for this file is -37.1571 over 223 frames.
LOG (gmm-acc-stats-twofeats[5.2.70~1-98bbe1]:main():gmm-acc-stats-twofeats.cc:140) Average like for this file is -42.2077 over 242 frames.
LOG (gmm-acc-stats-twofeats[5.2.70~1-98bbe1]:main():gmm-acc-stats-twofeats.cc:140) Average like for this file is -38.793 over 237 frames.
LOG (gmm-acc-stats-twofeats[5.2.70~1-98bbe1]:main():gmm-acc-stats-twofeats.cc:140) Average like for this file is -40.1491 over 220 frames.
LOG (gmm-acc-stats-twofeats[5.2.70~1-98bbe1]:main():gmm-acc-stats-twofeats.cc:146) Avg like per frame so far is -39.964
LOG (gmm-acc-stats-twofeats[5.2.70~1-98bbe1]:main():gmm-acc-stats-twofeats.cc:140) Average like for this file is -39.4484 over 180 frames.
LOG (gmm-acc-stats-twofeats[5.2.70~1-98bbe1]:main():gmm-acc-stats-twofeats.cc:140) Average like for this file is -36.8101 over 191 frames.
LOG (gmm-acc-stats-twofeats[5.2.70~1-98bbe1]:main():gmm-acc-stats-twofeats.cc:140) Average like for this file is -44.2177 over 143 frames.
LOG (gmm-acc-stats-twofeats[5.2.70~1-98bbe1]:main():gmm-acc-stats-twofeats.cc:140) Average like for this file is -37.7098 over 168 frames.
LOG (gmm-acc-stats-twofeats[5.2.70~1-98bbe1]:main():gmm-acc-stats-twofeats.cc:140) Average like for this file is -44.6376 over 162 frames.
LOG (gmm-acc-stats-twofeats[5.2.70~1-98bbe1]:main():gmm-acc-stats-twofeats.cc:140) Average like for this file is -42.129 over 163 frames.
LOG (gmm-acc-stats-twofeats[5.2.70~1-98bbe1]:main():gmm-acc-stats-twofeats.cc:140) Average like for this file is -38.2482 over 158 frames.
LOG (gmm-acc-stats-twofeats[5.2.70~1-98bbe1]:main():gmm-acc-stats-twofeats.cc:140) Average like for this file is -40.1243 over 172 frames.
LOG (gmm-acc-stats-twofeats[5.2.70~1-98bbe1]:main():gmm-acc-stats-twofeats.cc:140) Average like for this file is -37.2261 over 189 frames.
LOG (gmm-acc-stats-twofeats[5.2.70~1-98bbe1]:main():gmm-acc-stats-twofeats.cc:140) Average like for this file is -37.5591 over 197 frames.
LOG (gmm-acc-stats-twofeats[5.2.70~1-98bbe1]:main():gmm-acc-stats-twofeats.cc:146) Avg like per frame so far is -39.812
LOG (gmm-acc-stats-twofeats[5.2.70~1-98bbe1]:main():gmm-acc-stats-twofeats.cc:140) Average like for this file is -37.5471 over 159 frames.
LOG (gmm-acc-stats-twofeats[5.2.70~1-98bbe1]:main():gmm-acc-stats-twofeats.cc:140) Average like for this file is -40.3387 over 138 frames.
LOG (gmm-acc-stats-twofeats[5.2.70~1-98bbe1]:main():gmm-acc-stats-twofeats.cc:140) Average like for this file is -39.9233 over 174 frames.
LOG (gmm-acc-stats-twofeats[5.2.70~1-98bbe1]:main():gmm-acc-stats-twofeats.cc:140) Average like for this file is -39.9925 over 145 frames.
LOG (gmm-acc-stats-twofeats[5.2.70~1-98bbe1]:main():gmm-acc-stats-twofeats.cc:140) Average like for this file is -39.0409 over 156 frames.
LOG (gmm-acc-stats-twofeats[5.2.70~1-98bbe1]:main():gmm-acc-stats-twofeats.cc:140) Average like for this file is -37.8915 over 98 frames.
LOG (gmm-acc-stats-twofeats[5.2.70~1-98bbe1]:main():gmm-acc-stats-twofeats.cc:140) Average like for this file is -37.6032 over 164 frames.
LOG (gmm-acc-stats-twofeats[5.2.70~1-98bbe1]:main():gmm-acc-stats-twofeats.cc:140) Average like for this file is -41.8424 over 149 frames.
LOG (gmm-acc-stats-twofeats[5.2.70~1-98bbe1]:main():gmm-acc-stats-twofeats.cc:140) Average like for this file is -38.672 over 129 frames.
LOG (gmm-acc-stats-twofeats[5.2.70~1-98bbe1]:main():gmm-acc-stats-twofeats.cc:140) Average like for this file is -39.6129 over 139 frames.
LOG (gmm-acc-stats-twofeats[5.2.70~1-98bbe1]:main():gmm-acc-stats-twofeats.cc:146) Avg like per frame so far is -39.6649
LOG (gmm-acc-stats-twofeats[5.2.70~1-98bbe1]:main():gmm-acc-stats-twofeats.cc:140) Average like for this file is -41.6656 over 169 frames.
LOG (gmm-acc-stats-twofeats[5.2.70~1-98bbe1]:main():gmm-acc-stats-twofeats.cc:140) Average like for this file is -59.2562 over 151 frames.
LOG (gmm-acc-stats-twofeats[5.2.70~1-98bbe1]:main():gmm-acc-stats-twofeats.cc:140) Average like for this file is -42.2783 over 165 frames.
LOG (gmm-acc-stats-twofeats[5.2.70~1-98bbe1]:main():gmm-acc-stats-twofeats.cc:140) Average like for this file is -42.5868 over 170 frames.
LOG (gmm-acc-stats-twofeats[5.2.70~1-98bbe1]:main():gmm-acc-stats-twofeats.cc:140) Average like for this file is -38.1435 over 123 frames.
LOG (gmm-acc-stats-twofeats[5.2.70~1-98bbe1]:main():gmm-acc-stats-twofeats.cc:140) Average like for this file is -41.3382 over 132 frames.
LOG (gmm-acc-stats-twofeats[5.2.70~1-98bbe1]:main():gmm-acc-stats-twofeats.cc:140) Average like for this file is -42.7122 over 133 frames.
LOG (gmm-acc-stats-twofeats[5.2.70~1-98bbe1]:main():gmm-acc-stats-twofeats.cc:140) Average like for this file is -44.8917 over 143 frames.
LOG (gmm-acc-stats-twofeats[5.2.70~1-98bbe1]:main():gmm-acc-stats-twofeats.cc:140) Average like for this file is -43.4687 over 135 frames.
LOG (gmm-acc-stats-twofeats[5.2.70~1-98bbe1]:main():gmm-acc-stats-twofeats.cc:140) Average like for this file is -42.1035 over 156 frames.
LOG (gmm-acc-stats-twofeats[5.2.70~1-98bbe1]:main():gmm-acc-stats-twofeats.cc:146) Avg like per frame so far is -40.5904
LOG (gmm-acc-stats-twofeats[5.2.70~1-98bbe1]:main():gmm-acc-stats-twofeats.cc:140) Average like for this file is -40.8796 over 113 frames.
LOG (gmm-acc-stats-twofeats[5.2.70~1-98bbe1]:main():gmm-acc-stats-twofeats.cc:140) Average like for this file is -42.846 over 142 frames.
LOG (gmm-acc-stats-twofeats[5.2.70~1-98bbe1]:main():gmm-acc-stats-twofeats.cc:140) Average like for this file is -41.3427 over 166 frames.
LOG (gmm-acc-stats-twofeats[5.2.70~1-98bbe1]:main():gmm-acc-stats-twofeats.cc:140) Average like for this file is -37.08 over 218 frames.
LOG (gmm-acc-stats-twofeats[5.2.70~1-98bbe1]:main():gmm-acc-stats-twofeats.cc:140) Average like for this file is -40.1377 over 113 frames.
LOG (gmm-acc-stats-twofeats[5.2.70~1-98bbe1]:main():gmm-acc-stats-twofeats.cc:140) Average like for this file is -39.1285 over 129 frames.
LOG (gmm-acc-stats-twofeats[5.2.70~1-98bbe1]:main():gmm-acc-stats-twofeats.cc:140) Average like for this file is -36.005 over 184 frames.
LOG (gmm-acc-stats-twofeats[5.2.70~1-98bbe1]:main():gmm-acc-stats-twofeats.cc:140) Average like for this file is -40.8591 over 127 frames.
LOG (gmm-acc-stats-twofeats[5.2.70~1-98bbe1]:main():gmm-acc-stats-twofeats.cc:140) Average like for this file is -42.1208 over 164 frames.
LOG (gmm-acc-stats-twofeats[5.2.70~1-98bbe1]:main():gmm-acc-stats-twofeats.cc:140) Average like for this file is -43.135 over 165 frames.
LOG (gmm-acc-stats-twofeats[5.2.70~1-98bbe1]:main():gmm-acc-stats-twofeats.cc:146) Avg like per frame so far is -40.5105
LOG (gmm-acc-stats-twofeats[5.2.70~1-98bbe1]:main():gmm-acc-stats-twofeats.cc:140) Average like for this file is -42.4581 over 145 frames.
LOG (gmm-acc-stats-twofeats[5.2.70~1-98bbe1]:main():gmm-acc-stats-twofeats.cc:140) Average like for this file is -40.7826 over 151 frames.
LOG (gmm-acc-stats-twofeats[5.2.70~1-98bbe1]:main():gmm-acc-stats-twofeats.cc:140) Average like for this file is -43.2086 over 175 frames.
LOG (gmm-acc-stats-twofeats[5.2.70~1-98bbe1]:main():gmm-acc-stats-twofeats.cc:140) Average like for this file is -43.3094 over 141 frames.
LOG (gmm-acc-stats-twofeats[5.2.70~1-98bbe1]:main():gmm-acc-stats-twofeats.cc:140) Average like for this file is -44.4278 over 111 frames.
LOG (gmm-acc-stats-twofeats[5.2.70~1-98bbe1]:main():gmm-acc-stats-twofeats.cc:140) Average like for this file is -41.7119 over 181 frames.
LOG (gmm-acc-stats-twofeats[5.2.70~1-98bbe1]:main():gmm-acc-stats-twofeats.cc:140) Average like for this file is -40.1175 over 143 frames.
LOG (ali-to-post[5.2.70~1-98bbe1]:main():ali-to-post.cc:73) Converted 75 alignments.
LOG (gmm-acc-stats-twofeats[5.2.70~1-98bbe1]:main():gmm-acc-stats-twofeats.cc:140) Average like for this file is -37.6974 over 153 frames.
LOG (gmm-acc-stats-twofeats[5.2.70~1-98bbe1]:main():gmm-acc-stats-twofeats.cc:140) Average like for this file is -41.3074 over 138 frames.
LOG (gmm-acc-stats-twofeats[5.2.70~1-98bbe1]:main():gmm-acc-stats-twofeats.cc:140) Average like for this file is -40.3406 over 160 frames.
LOG (gmm-acc-stats-twofeats[5.2.70~1-98bbe1]:main():gmm-acc-stats-twofeats.cc:146) Avg like per frame so far is -40.6569
LOG (gmm-acc-stats-twofeats[5.2.70~1-98bbe1]:main():gmm-acc-stats-twofeats.cc:140) Average like for this file is -41.2424 over 131 frames.
LOG (gmm-acc-stats-twofeats[5.2.70~1-98bbe1]:main():gmm-acc-stats-twofeats.cc:140) Average like for this file is -39.6645 over 162 frames.
LOG (gmm-acc-stats-twofeats[5.2.70~1-98bbe1]:main():gmm-acc-stats-twofeats.cc:140) Average like for this file is -39.0488 over 157 frames.
LOG (gmm-acc-stats-twofeats[5.2.70~1-98bbe1]:main():gmm-acc-stats-twofeats.cc:140) Average like for this file is -41.12 over 127 frames.
LOG (gmm-acc-stats-twofeats[5.2.70~1-98bbe1]:main():gmm-acc-stats-twofeats.cc:140) Average like for this file is -41.4285 over 169 frames.
LOG (gmm-acc-stats-twofeats[5.2.70~1-98bbe1]:main():gmm-acc-stats-twofeats.cc:140) Average like for this file is -41.2434 over 183 frames.
LOG (apply-cmvn[5.2.70~1-98bbe1]:main():apply-cmvn.cc:162) Applied cepstral mean normalization to 75 utterances, errors on 0
LOG (gmm-acc-stats-twofeats[5.2.70~1-98bbe1]:main():gmm-acc-stats-twofeats.cc:140) Average like for this file is -44.0931 over 358 frames.
LOG (gmm-acc-stats-twofeats[5.2.70~1-98bbe1]:main():gmm-acc-stats-twofeats.cc:140) Average like for this file is -43.8293 over 394 frames.
LOG (apply-cmvn[5.2.70~1-98bbe1]:main():apply-cmvn.cc:162) Applied cepstral mean normalization to 75 utterances, errors on 0
LOG (gmm-acc-stats-twofeats[5.2.70~1-98bbe1]:main():gmm-acc-stats-twofeats.cc:140) Average like for this file is -40.8401 over 420 frames.
LOG (gmm-acc-stats-twofeats[5.2.70~1-98bbe1]:main():gmm-acc-stats-twofeats.cc:140) Average like for this file is -42.3554 over 354 frames.
LOG (gmm-acc-stats-twofeats[5.2.70~1-98bbe1]:main():gmm-acc-stats-twofeats.cc:146) Avg like per frame so far is -40.9107
LOG (gmm-acc-stats-twofeats[5.2.70~1-98bbe1]:main():gmm-acc-stats-twofeats.cc:140) Average like for this file is -39.4002 over 428 frames.
LOG (transform-feats[5.2.70~1-98bbe1]:main():transform-feats.cc:158) Overall average [pseudo-]logdet is -86.479 over 14238 frames.
LOG (transform-feats[5.2.70~1-98bbe1]:main():transform-feats.cc:161) Applied transform to 75 utterances; 0 had errors.
LOG (gmm-acc-stats-twofeats[5.2.70~1-98bbe1]:main():gmm-acc-stats-twofeats.cc:140) Average like for this file is -39.691 over 410 frames.
LOG (gmm-acc-stats-twofeats[5.2.70~1-98bbe1]:main():gmm-acc-stats-twofeats.cc:140) Average like for this file is -41.879 over 370 frames.
LOG (transform-feats[5.2.70~1-98bbe1]:main():transform-feats.cc:158) Overall average logdet is 4.49068 over 14238 frames.
LOG (transform-feats[5.2.70~1-98bbe1]:main():transform-feats.cc:161) Applied transform to 75 utterances; 0 had errors.
LOG (transform-feats[5.2.70~1-98bbe1]:main():transform-feats.cc:158) Overall average [pseudo-]logdet is -86.479 over 14238 frames.
LOG (transform-feats[5.2.70~1-98bbe1]:main():transform-feats.cc:161) Applied transform to 75 utterances; 0 had errors.
LOG (gmm-acc-stats-twofeats[5.2.70~1-98bbe1]:main():gmm-acc-stats-twofeats.cc:140) Average like for this file is -41.0042 over 350 frames.
LOG (gmm-acc-stats-twofeats[5.2.70~1-98bbe1]:main():gmm-acc-stats-twofeats.cc:140) Average like for this file is -41.6635 over 394 frames.
LOG (gmm-acc-stats-twofeats[5.2.70~1-98bbe1]:main():gmm-acc-stats-twofeats.cc:150) Done 75 files, 0 with no posteriors, 0 with no second features, 0 with other errors.
LOG (gmm-acc-stats-twofeats[5.2.70~1-98bbe1]:main():gmm-acc-stats-twofeats.cc:155) Overall avg like per frame (Gaussian only) = -40.8785 over 14238 frames.
LOG (gmm-acc-stats-twofeats[5.2.70~1-98bbe1]:main():gmm-acc-stats-twofeats.cc:163) Written accs.
# Accounting: time=2 threads=1
# Ended (code 0) at Tue Oct 17 15:43:58 CST 2017, elapsed time 2 seconds
