# gmm-align-compiled --transition-scale=1.0 --acoustic-scale=0.1 --self-loop-scale=0.1 --beam=10 --retry-beam=40 --careful=false "gmm-boost-silence --boost=1.0 1 exp/tri3b/20.mdl - |" "ark:gunzip -c exp/tri3b/fsts.10.gz|" "ark,s,cs:apply-cmvn  --utt2spk=ark:data/mfcc/train/split12/10/utt2spk scp:data/mfcc/train/split12/10/cmvn.scp scp:data/mfcc/train/split12/10/feats.scp ark:- | splice-feats --left-context=3 --right-context=3 ark:- ark:- | transform-feats exp/tri2b_ali/final.mat ark:- ark:- | transform-feats --utt2spk=ark:data/mfcc/train/split12/10/utt2spk ark:exp/tri3b/trans.10 ark:- ark:- |" "ark:|gzip -c >exp/tri3b/ali.10.gz" 
# Started at Tue Oct 17 15:38:04 CST 2017
#
gmm-align-compiled --transition-scale=1.0 --acoustic-scale=0.1 --self-loop-scale=0.1 --beam=10 --retry-beam=40 --careful=false 'gmm-boost-silence --boost=1.0 1 exp/tri3b/20.mdl - |' 'ark:gunzip -c exp/tri3b/fsts.10.gz|' 'ark,s,cs:apply-cmvn  --utt2spk=ark:data/mfcc/train/split12/10/utt2spk scp:data/mfcc/train/split12/10/cmvn.scp scp:data/mfcc/train/split12/10/feats.scp ark:- | splice-feats --left-context=3 --right-context=3 ark:- ark:- | transform-feats exp/tri2b_ali/final.mat ark:- ark:- | transform-feats --utt2spk=ark:data/mfcc/train/split12/10/utt2spk ark:exp/tri3b/trans.10 ark:- ark:- |' 'ark:|gzip -c >exp/tri3b/ali.10.gz' 
gmm-boost-silence --boost=1.0 1 exp/tri3b/20.mdl - 
WARNING (gmm-boost-silence[5.2.70~1-98bbe1]:main():gmm-boost-silence.cc:82) The pdfs for the silence phones may be shared by other phones (note: this probably does not matter.)
LOG (gmm-boost-silence[5.2.70~1-98bbe1]:main():gmm-boost-silence.cc:93) Boosted weights for 5 pdfs, by factor of 1
LOG (gmm-boost-silence[5.2.70~1-98bbe1]:main():gmm-boost-silence.cc:103) Wrote model to -
transform-feats exp/tri2b_ali/final.mat ark:- ark:- 
transform-feats --utt2spk=ark:data/mfcc/train/split12/10/utt2spk ark:exp/tri3b/trans.10 ark:- ark:- 
splice-feats --left-context=3 --right-context=3 ark:- ark:- 
apply-cmvn --utt2spk=ark:data/mfcc/train/split12/10/utt2spk scp:data/mfcc/train/split12/10/cmvn.scp scp:data/mfcc/train/split12/10/feats.scp ark:- 
LOG (gmm-align-compiled[5.2.70~1-98bbe1]:main():gmm-align-compiled.cc:127) D001-0001
LOG (gmm-align-compiled[5.2.70~1-98bbe1]:main():gmm-align-compiled.cc:127) D001-0002
LOG (gmm-align-compiled[5.2.70~1-98bbe1]:main():gmm-align-compiled.cc:127) D001-0005
LOG (gmm-align-compiled[5.2.70~1-98bbe1]:main():gmm-align-compiled.cc:127) D001-0006
LOG (gmm-align-compiled[5.2.70~1-98bbe1]:main():gmm-align-compiled.cc:127) D001-0007
LOG (gmm-align-compiled[5.2.70~1-98bbe1]:main():gmm-align-compiled.cc:127) D001-0008
LOG (gmm-align-compiled[5.2.70~1-98bbe1]:main():gmm-align-compiled.cc:127) D001-0009
LOG (gmm-align-compiled[5.2.70~1-98bbe1]:main():gmm-align-compiled.cc:127) D001-0012
LOG (gmm-align-compiled[5.2.70~1-98bbe1]:main():gmm-align-compiled.cc:127) D001-0013
LOG (gmm-align-compiled[5.2.70~1-98bbe1]:main():gmm-align-compiled.cc:127) D001-0015
LOG (gmm-align-compiled[5.2.70~1-98bbe1]:main():gmm-align-compiled.cc:127) D001-0018
LOG (apply-cmvn[5.2.70~1-98bbe1]:main():apply-cmvn.cc:162) Applied cepstral mean normalization to 16 utterances, errors on 0
LOG (gmm-align-compiled[5.2.70~1-98bbe1]:main():gmm-align-compiled.cc:127) D001-0019
LOG (gmm-align-compiled[5.2.70~1-98bbe1]:main():gmm-align-compiled.cc:127) D001-0020
LOG (gmm-align-compiled[5.2.70~1-98bbe1]:main():gmm-align-compiled.cc:127) D001-0021
LOG (gmm-align-compiled[5.2.70~1-98bbe1]:main():gmm-align-compiled.cc:127) D001-0023
LOG (transform-feats[5.2.70~1-98bbe1]:main():transform-feats.cc:158) Overall average [pseudo-]logdet is -86.479 over 33362 frames.
LOG (transform-feats[5.2.70~1-98bbe1]:main():transform-feats.cc:161) Applied transform to 16 utterances; 0 had errors.
LOG (gmm-align-compiled[5.2.70~1-98bbe1]:main():gmm-align-compiled.cc:127) D001-0024
LOG (transform-feats[5.2.70~1-98bbe1]:main():transform-feats.cc:158) Overall average logdet is 0 over 33362 frames.
LOG (transform-feats[5.2.70~1-98bbe1]:main():transform-feats.cc:161) Applied transform to 16 utterances; 0 had errors.
LOG (gmm-align-compiled[5.2.70~1-98bbe1]:main():gmm-align-compiled.cc:135) Overall log-likelihood per frame is -28.6337 over 33362 frames.
LOG (gmm-align-compiled[5.2.70~1-98bbe1]:main():gmm-align-compiled.cc:137) Retried 0 out of 16 utterances.
LOG (gmm-align-compiled[5.2.70~1-98bbe1]:main():gmm-align-compiled.cc:139) Done 16, errors on 0
# Accounting: time=7 threads=1
# Ended (code 0) at Tue Oct 17 15:38:11 CST 2017, elapsed time 7 seconds
