# gunzip -c exp/tri3b/phone_stats.*.gz | steps/diagnostic/analyze_phone_length_stats.py data/lang 
# Started at Tue Oct 17 15:44:17 CST 2017
#
analyze_phone_length_stats.py: WARNING: optional-silence SIL is seen only 40.8641975309% of the time at utterance begin.  This may not be optimal.
analyze_phone_length_stats.py: WARNING: optional-silence SIL is seen only 59.2592592593% of the time at utterance end.  This may not be optimal.
duration_median lengths 0.5
duration_percentile_95 lengths 0.95
At utterance begin, nonsilence accounts for 45.9% of phone occurrences, with duration (median, mean, 95-percentile) is (13,13.7,23) frames.
duration_median lengths 0.5
duration_percentile_95 lengths 0.95
At utterance begin, SIL accounts for 40.9% of phone occurrences, with duration (median, mean, 95-percentile) is (50,109.7,110) frames.
duration_median lengths 0.5
duration_percentile_95 lengths 0.95
At utterance begin, SPN_S accounts for 10.7% of phone occurrences, with duration (median, mean, 95-percentile) is (898,915.4,1798) frames.
duration_median lengths 0.5
duration_percentile_95 lengths 0.95
At utterance begin, x_B accounts for 5.2% of phone occurrences, with duration (median, mean, 95-percentile) is (14,16.5,23) frames.
duration_median lengths 0.5
duration_percentile_95 lengths 0.95
At utterance begin, j_B accounts for 4.8% of phone occurrences, with duration (median, mean, 95-percentile) is (11,11.4,18) frames.
duration_median lengths 0.5
duration_percentile_95 lengths 0.95
At utterance begin, t_B accounts for 4.1% of phone occurrences, with duration (median, mean, 95-percentile) is (12,13.4,22) frames.
duration_median lengths 0.5
duration_percentile_95 lengths 0.95
At utterance begin, g_B accounts for 3.5% of phone occurrences, with duration (median, mean, 95-percentile) is (20,20.4,28) frames.
duration_median lengths 0.5
duration_percentile_95 lengths 0.95
At utterance begin, q_B accounts for 3.5% of phone occurrences, with duration (median, mean, 95-percentile) is (15,15.6,23) frames.
duration_median lengths 0.5
duration_percentile_95 lengths 0.95
At utterance begin, ch_B accounts for 3.2% of phone occurrences, with duration (median, mean, 95-percentile) is (16,15.7,22) frames.
duration_median lengths 0.5
duration_percentile_95 lengths 0.95
At utterance begin, d_B accounts for 3.1% of phone occurrences, with duration (median, mean, 95-percentile) is (8,9.2,15) frames.
duration_median lengths 0.5
duration_percentile_95 lengths 0.95
At utterance begin, ii_B accounts for 2.8% of phone occurrences, with duration (median, mean, 95-percentile) is (15,16.9,22) frames.
duration_median lengths 0.5
duration_percentile_95 lengths 0.95
At utterance begin, k_B accounts for 2.6% of phone occurrences, with duration (median, mean, 95-percentile) is (8,10.2,17) frames.
duration_median lengths 0.5
duration_percentile_95 lengths 0.95
At utterance begin, LAU_S accounts for 2.0% of phone occurrences, with duration (median, mean, 95-percentile) is (209,295.6,678) frames.
duration_median lengths 0.5
duration_percentile_95 lengths 0.95
At utterance begin, s_B accounts for 1.9% of phone occurrences, with duration (median, mean, 95-percentile) is (14,14.5,23) frames.
duration_median lengths 0.5
duration_percentile_95 lengths 0.95
At utterance begin, l_B accounts for 1.6% of phone occurrences, with duration (median, mean, 95-percentile) is (10,11.6,15) frames.
duration_median lengths 0.5
duration_percentile_95 lengths 0.95
At utterance begin, sh_B accounts for 1.6% of phone occurrences, with duration (median, mean, 95-percentile) is (13,14.5,18) frames.
duration_median lengths 0.5
duration_percentile_95 lengths 0.95
At utterance begin, f_B accounts for 1.4% of phone occurrences, with duration (median, mean, 95-percentile) is (11,13.3,18) frames.
duration_median lengths 0.5
duration_percentile_95 lengths 0.95
At utterance begin, p_B accounts for 1.4% of phone occurrences, with duration (median, mean, 95-percentile) is (10,12.3,20) frames.
duration_median lengths 0.5
duration_percentile_95 lengths 0.95
At utterance begin, uu_B accounts for 1.4% of phone occurrences, with duration (median, mean, 95-percentile) is (4,6.0,7) frames.
duration_median lengths 0.5
duration_percentile_95 lengths 0.95
At utterance begin, zh_B accounts for 1.4% of phone occurrences, with duration (median, mean, 95-percentile) is (11,12.9,18) frames.
duration_median lengths 0.5
duration_percentile_95 lengths 0.95
At utterance begin, b_B accounts for 1.0% of phone occurrences, with duration (median, mean, 95-percentile) is (7,8.9,12) frames.
duration_median lengths 0.5
duration_percentile_95 lengths 0.95
At utterance begin, h_B accounts for 0.7% of phone occurrences, with duration (median, mean, 95-percentile) is (11,13.2,17) frames.
duration_median lengths 0.5
duration_percentile_95 lengths 0.95
At utterance begin, ee_B accounts for 0.6% of phone occurrences, with duration (median, mean, 95-percentile) is (6,9.4,12) frames.
duration_median lengths 0.5
duration_percentile_95 lengths 0.95
At utterance end, SIL accounts for 59.3% of phone occurrences, with duration (median, mean, 95-percentile) is (74,115.2,144) frames.
duration_median lengths 0.5
duration_percentile_95 lengths 0.95
At utterance end, nonsilence accounts for 27.7% of phone occurrences, with duration (median, mean, 95-percentile) is (17,33.7,117) frames.
duration_median lengths 0.5
duration_percentile_95 lengths 0.95
At utterance end, SPN_S accounts for 10.7% of phone occurrences, with duration (median, mean, 95-percentile) is (898,917.4,1798) frames.
duration_median lengths 0.5
duration_percentile_95 lengths 0.95
At utterance end, u4_E accounts for 4.3% of phone occurrences, with duration (median, mean, 95-percentile) is (24,59.7,119) frames.
duration_median lengths 0.5
duration_percentile_95 lengths 0.95
At utterance end, ix4_E accounts for 1.7% of phone occurrences, with duration (median, mean, 95-percentile) is (11,12.2,23) frames.
duration_median lengths 0.5
duration_percentile_95 lengths 0.95
At utterance end, i1_E accounts for 1.6% of phone occurrences, with duration (median, mean, 95-percentile) is (12,13.2,22) frames.
duration_median lengths 0.5
duration_percentile_95 lengths 0.95
At utterance end, LAU_S accounts for 1.4% of phone occurrences, with duration (median, mean, 95-percentile) is (157,239.6,361) frames.
duration_median lengths 0.5
duration_percentile_95 lengths 0.95
At utterance end, iang4_E accounts for 1.4% of phone occurrences, with duration (median, mean, 95-percentile) is (9,10.7,15) frames.
duration_median lengths 0.5
duration_percentile_95 lengths 0.95
At utterance end, u5_E accounts for 1.4% of phone occurrences, with duration (median, mean, 95-percentile) is (20,58.3,108) frames.
duration_median lengths 0.5
duration_percentile_95 lengths 0.95
At utterance end, ua4_E accounts for 1.1% of phone occurrences, with duration (median, mean, 95-percentile) is (12,49.0,96) frames.
duration_median lengths 0.5
duration_percentile_95 lengths 0.95
At utterance end, NSN_S accounts for 1.0% of phone occurrences, with duration (median, mean, 95-percentile) is (118,233.2,331) frames.
duration_median lengths 0.5
duration_percentile_95 lengths 0.95
At utterance end, eng1_E accounts for 0.9% of phone occurrences, with duration (median, mean, 95-percentile) is (18,62.4,124) frames.
duration_median lengths 0.5
duration_percentile_95 lengths 0.95
At utterance end, ve4_E accounts for 0.9% of phone occurrences, with duration (median, mean, 95-percentile) is (11,11.9,14) frames.
duration_median lengths 0.5
duration_percentile_95 lengths 0.95
At utterance end, an4_E accounts for 0.7% of phone occurrences, with duration (median, mean, 95-percentile) is (9,11.7,14) frames.
duration_median lengths 0.5
duration_percentile_95 lengths 0.95
At utterance end, ao3_E accounts for 0.7% of phone occurrences, with duration (median, mean, 95-percentile) is (20,23.5,27) frames.
duration_median lengths 0.5
duration_percentile_95 lengths 0.95
At utterance end, i4_E accounts for 0.7% of phone occurrences, with duration (median, mean, 95-percentile) is (10,17.8,32) frames.
duration_median lengths 0.5
duration_percentile_95 lengths 0.95
At utterance end, uan3_E accounts for 0.7% of phone occurrences, with duration (median, mean, 95-percentile) is (17,18.2,21) frames.
duration_median lengths 0.5
duration_percentile_95 lengths 0.95
At utterance end, ong1_E accounts for 0.6% of phone occurrences, with duration (median, mean, 95-percentile) is (9,16.8,18) frames.
duration_median lengths 0.5
duration_percentile_95 lengths 0.95
At utterance end, u3_E accounts for 0.6% of phone occurrences, with duration (median, mean, 95-percentile) is (27,57.2,105) frames.
duration_median lengths 0.5
duration_percentile_95 lengths 0.95
At utterance end, ui2_E accounts for 0.6% of phone occurrences, with duration (median, mean, 95-percentile) is (100,92.2,113) frames.
duration_median lengths 0.5
duration_percentile_95 lengths 0.95
Overall, nonsilence accounts for 84.0% of phone occurrences, with duration (median, mean, 95-percentile) is (13,14.4,28) frames.
duration_median lengths 0.5
duration_percentile_95 lengths 0.95
Overall, SIL accounts for 13.9% of phone occurrences, with duration (median, mean, 95-percentile) is (53,104.3,111) frames.
duration_median lengths 0.5
duration_percentile_95 lengths 0.95
Overall, s_B accounts for 3.8% of phone occurrences, with duration (median, mean, 95-percentile) is (13,11.2,19) frames.
duration_median lengths 0.5
duration_percentile_95 lengths 0.95
Overall, i1_E accounts for 3.2% of phone occurrences, with duration (median, mean, 95-percentile) is (6,9.1,24) frames.
duration_median lengths 0.5
duration_percentile_95 lengths 0.95
Overall, d_I accounts for 2.4% of phone occurrences, with duration (median, mean, 95-percentile) is (7,7.7,11) frames.
duration_median lengths 0.5
duration_percentile_95 lengths 0.95
Overall, l_B accounts for 2.3% of phone occurrences, with duration (median, mean, 95-percentile) is (11,11.1,18) frames.
duration_median lengths 0.5
duration_percentile_95 lengths 0.95
Overall, ee_B accounts for 2.0% of phone occurrences, with duration (median, mean, 95-percentile) is (12,13.0,22) frames.
duration_median lengths 0.5
duration_percentile_95 lengths 0.95
Overall, er4_E accounts for 2.0% of phone occurrences, with duration (median, mean, 95-percentile) is (13,14.6,30) frames.
duration_median lengths 0.5
duration_percentile_95 lengths 0.95
Overall, q_B accounts for 2.0% of phone occurrences, with duration (median, mean, 95-percentile) is (17,17.6,23) frames.
duration_median lengths 0.5
duration_percentile_95 lengths 0.95
Overall, an1_E accounts for 1.9% of phone occurrences, with duration (median, mean, 95-percentile) is (14,16.9,31) frames.
duration_median lengths 0.5
duration_percentile_95 lengths 0.95
Overall, j_B accounts for 1.9% of phone occurrences, with duration (median, mean, 95-percentile) is (11,12.1,18) frames.
duration_median lengths 0.5
duration_percentile_95 lengths 0.95
Overall, ii_B accounts for 1.8% of phone occurrences, with duration (median, mean, 95-percentile) is (21,21.5,32) frames.
duration_median lengths 0.5
duration_percentile_95 lengths 0.95
Overall, iy4_E accounts for 1.7% of phone occurrences, with duration (median, mean, 95-percentile) is (22,22.5,32) frames.
duration_median lengths 0.5
duration_percentile_95 lengths 0.95
Overall, x_I accounts for 1.7% of phone occurrences, with duration (median, mean, 95-percentile) is (12,11.5,18) frames.
duration_median lengths 0.5
duration_percentile_95 lengths 0.95
Overall, SPN_S accounts for 1.5% of phone occurrences, with duration (median, mean, 95-percentile) is (798,845.6,1798) frames.
duration_median lengths 0.5
duration_percentile_95 lengths 0.95
Overall, b_B accounts for 1.5% of phone occurrences, with duration (median, mean, 95-percentile) is (6,7.0,12) frames.
duration_median lengths 0.5
duration_percentile_95 lengths 0.95
Overall, ii_I accounts for 1.4% of phone occurrences, with duration (median, mean, 95-percentile) is (5,5.8,12) frames.
duration_median lengths 0.5
duration_percentile_95 lengths 0.95
Overall, zh_I accounts for 1.3% of phone occurrences, with duration (median, mean, 95-percentile) is (10,9.4,14) frames.
duration_median lengths 0.5
duration_percentile_95 lengths 0.95
Overall, a1_E accounts for 1.3% of phone occurrences, with duration (median, mean, 95-percentile) is (16,17.0,25) frames.
duration_median lengths 0.5
duration_percentile_95 lengths 0.95
Overall, uu_B accounts for 1.3% of phone occurrences, with duration (median, mean, 95-percentile) is (7,9.4,25) frames.
duration_median lengths 0.5
duration_percentile_95 lengths 0.95
Overall, l_I accounts for 1.2% of phone occurrences, with duration (median, mean, 95-percentile) is (9,8.7,13) frames.
duration_median lengths 0.5
duration_percentile_95 lengths 0.95
Overall, k_I accounts for 1.2% of phone occurrences, with duration (median, mean, 95-percentile) is (12,12.1,16) frames.
duration_median lengths 0.5
duration_percentile_95 lengths 0.95
Overall, sh_I accounts for 1.2% of phone occurrences, with duration (median, mean, 95-percentile) is (14,14.9,21) frames.
duration_median lengths 0.5
duration_percentile_95 lengths 0.95
Overall, x_B accounts for 1.2% of phone occurrences, with duration (median, mean, 95-percentile) is (16,17.2,29) frames.
duration_median lengths 0.5
duration_percentile_95 lengths 0.95
Overall, iang4_I accounts for 1.1% of phone occurrences, with duration (median, mean, 95-percentile) is (13,13.6,20) frames.
duration_median lengths 0.5
duration_percentile_95 lengths 0.95
Overall, iu4_E accounts for 1.1% of phone occurrences, with duration (median, mean, 95-percentile) is (14,14.4,22) frames.
duration_median lengths 0.5
duration_percentile_95 lengths 0.95
Overall, ing2_E accounts for 1.0% of phone occurrences, with duration (median, mean, 95-percentile) is (14,16.0,29) frames.
duration_median lengths 0.5
duration_percentile_95 lengths 0.95
Overall, u4_E accounts for 1.0% of phone occurrences, with duration (median, mean, 95-percentile) is (24,42.3,118) frames.
duration_median lengths 0.5
duration_percentile_95 lengths 0.95
Overall, ai1_I accounts for 1.0% of phone occurrences, with duration (median, mean, 95-percentile) is (15,15.5,25) frames.
duration_median lengths 0.5
duration_percentile_95 lengths 0.95
Overall, u3_E accounts for 1.0% of phone occurrences, with duration (median, mean, 95-percentile) is (16,19.1,32) frames.
duration_median lengths 0.5
duration_percentile_95 lengths 0.95
Overall, f_I accounts for 1.0% of phone occurrences, with duration (median, mean, 95-percentile) is (11,11.1,17) frames.
duration_median lengths 0.5
duration_percentile_95 lengths 0.95
Overall, iu3_E accounts for 0.9% of phone occurrences, with duration (median, mean, 95-percentile) is (14,15.1,25) frames.
duration_median lengths 0.5
duration_percentile_95 lengths 0.95
Overall, t_B accounts for 0.9% of phone occurrences, with duration (median, mean, 95-percentile) is (13,12.9,21) frames.
duration_median lengths 0.5
duration_percentile_95 lengths 0.95
Overall, j_I accounts for 0.9% of phone occurrences, with duration (median, mean, 95-percentile) is (12,11.9,18) frames.
duration_median lengths 0.5
duration_percentile_95 lengths 0.95
Overall, i1_I accounts for 0.9% of phone occurrences, with duration (median, mean, 95-percentile) is (12,13.4,23) frames.
duration_median lengths 0.5
duration_percentile_95 lengths 0.95
Overall, b_I accounts for 0.8% of phone occurrences, with duration (median, mean, 95-percentile) is (7,7.3,12) frames.
duration_median lengths 0.5
duration_percentile_95 lengths 0.95
Overall, h_I accounts for 0.8% of phone occurrences, with duration (median, mean, 95-percentile) is (14,16.0,35) frames.
duration_median lengths 0.5
duration_percentile_95 lengths 0.95
Overall, t_I accounts for 0.8% of phone occurrences, with duration (median, mean, 95-percentile) is (13,12.5,17) frames.
duration_median lengths 0.5
duration_percentile_95 lengths 0.95
Overall, ch_B accounts for 0.8% of phone occurrences, with duration (median, mean, 95-percentile) is (15,15.4,21) frames.
duration_median lengths 0.5
duration_percentile_95 lengths 0.95
Overall, a2_I accounts for 0.7% of phone occurrences, with duration (median, mean, 95-percentile) is (10,11.4,18) frames.
duration_median lengths 0.5
duration_percentile_95 lengths 0.95
Overall, d_B accounts for 0.7% of phone occurrences, with duration (median, mean, 95-percentile) is (7,8.8,18) frames.
duration_median lengths 0.5
duration_percentile_95 lengths 0.95
Overall, g_B accounts for 0.7% of phone occurrences, with duration (median, mean, 95-percentile) is (17,18.2,37) frames.
duration_median lengths 0.5
duration_percentile_95 lengths 0.95
Overall, vn2_I accounts for 0.7% of phone occurrences, with duration (median, mean, 95-percentile) is (15,16.9,28) frames.
duration_median lengths 0.5
duration_percentile_95 lengths 0.95
Overall, ian4_I accounts for 0.6% of phone occurrences, with duration (median, mean, 95-percentile) is (14,13.9,19) frames.
duration_median lengths 0.5
duration_percentile_95 lengths 0.95
Overall, uan1_I accounts for 0.6% of phone occurrences, with duration (median, mean, 95-percentile) is (12,11.9,24) frames.
duration_median lengths 0.5
duration_percentile_95 lengths 0.95
Overall, ang4_I accounts for 0.6% of phone occurrences, with duration (median, mean, 95-percentile) is (12,12.9,21) frames.
duration_median lengths 0.5
duration_percentile_95 lengths 0.95
Overall, ix4_E accounts for 0.6% of phone occurrences, with duration (median, mean, 95-percentile) is (17,17.6,30) frames.
duration_median lengths 0.5
duration_percentile_95 lengths 0.95
Overall, q_I accounts for 0.6% of phone occurrences, with duration (median, mean, 95-percentile) is (16,15.8,22) frames.
duration_median lengths 0.5
duration_percentile_95 lengths 0.95
Overall, s_I accounts for 0.6% of phone occurrences, with duration (median, mean, 95-percentile) is (15,15.8,19) frames.
duration_median lengths 0.5
duration_percentile_95 lengths 0.95
Overall, iang4_E accounts for 0.6% of phone occurrences, with duration (median, mean, 95-percentile) is (17,16.3,27) frames.
duration_median lengths 0.5
duration_percentile_95 lengths 0.95
Overall, r_I accounts for 0.6% of phone occurrences, with duration (median, mean, 95-percentile) is (9,8.8,14) frames.
duration_median lengths 0.5
duration_percentile_95 lengths 0.95
Overall, iao2_I accounts for 0.6% of phone occurrences, with duration (median, mean, 95-percentile) is (14,15.1,25) frames.
duration_median lengths 0.5
duration_percentile_95 lengths 0.95
Overall, u4_I accounts for 0.6% of phone occurrences, with duration (median, mean, 95-percentile) is (9,9.3,14) frames.
duration_median lengths 0.5
duration_percentile_95 lengths 0.95
Overall, k_B accounts for 0.5% of phone occurrences, with duration (median, mean, 95-percentile) is (9,10.3,17) frames.
duration_median lengths 0.5
duration_percentile_95 lengths 0.95
Overall, m_I accounts for 0.5% of phone occurrences, with duration (median, mean, 95-percentile) is (14,17.3,32) frames.
The optional-silence phone SIL occupies 35.1% of frames overall 
Limiting the stats to the -2.5% of frames not covered by an utterance-[begin/end] phone, optional-silence SIL occupies -33.3% of frames.
Assuming 100 frames per second, the alignments represent 0.7 hours of data, or 0.5 hours if SIL frames are excluded.
duration_median internal_opt_sil_phone_lengths 0.5
duration_percentile_95 interanl_opt_sil_phone_lengths 0.95
Utterance-internal optional-silences SIL comprise 1.8% of utterance-internal phones, with duration (median, mean, 95-percentile) = (28,24.8,38)
# Accounting: time=1 threads=1
# Ended (code 0) at Tue Oct 17 15:44:18 CST 2017, elapsed time 1 seconds
