# ali-to-post "ark:gunzip -c exp/tri3b/ali.11.gz|" ark:- | weight-silence-post 0.0 1:2:3:4:5:6:7:8:9:10:11:12:13:14:15:16:17:18:19:20 exp/tri3b/2.mdl ark:- ark:- | gmm-est-fmllr --fmllr-update-type=full --spk2utt=ark:data/mfcc/train/split12/11/spk2utt exp/tri3b/2.mdl "ark,s,cs:apply-cmvn  --utt2spk=ark:data/mfcc/train/split12/11/utt2spk scp:data/mfcc/train/split12/11/cmvn.scp scp:data/mfcc/train/split12/11/feats.scp ark:- | splice-feats --left-context=3 --right-context=3 ark:- ark:- | transform-feats exp/tri2b_ali/final.mat ark:- ark:- | transform-feats --utt2spk=ark:data/mfcc/train/split12/11/utt2spk ark,s,cs:exp/tri3b/trans.11 ark:- ark:- |" ark:- ark:exp/tri3b/tmp_trans.11 
# Started at Tue Oct 17 15:36:17 CST 2017
#
weight-silence-post 0.0 1:2:3:4:5:6:7:8:9:10:11:12:13:14:15:16:17:18:19:20 exp/tri3b/2.mdl ark:- ark:- 
ali-to-post 'ark:gunzip -c exp/tri3b/ali.11.gz|' ark:- 
gmm-est-fmllr --fmllr-update-type=full --spk2utt=ark:data/mfcc/train/split12/11/spk2utt exp/tri3b/2.mdl 'ark,s,cs:apply-cmvn  --utt2spk=ark:data/mfcc/train/split12/11/utt2spk scp:data/mfcc/train/split12/11/cmvn.scp scp:data/mfcc/train/split12/11/feats.scp ark:- | splice-feats --left-context=3 --right-context=3 ark:- ark:- | transform-feats exp/tri2b_ali/final.mat ark:- ark:- | transform-feats --utt2spk=ark:data/mfcc/train/split12/11/utt2spk ark,s,cs:exp/tri3b/trans.11 ark:- ark:- |' ark:- ark:exp/tri3b/tmp_trans.11 
transform-feats exp/tri2b_ali/final.mat ark:- ark:- 
apply-cmvn --utt2spk=ark:data/mfcc/train/split12/11/utt2spk scp:data/mfcc/train/split12/11/cmvn.scp scp:data/mfcc/train/split12/11/feats.scp ark:- 
splice-feats --left-context=3 --right-context=3 ark:- ark:- 
transform-feats --utt2spk=ark:data/mfcc/train/split12/11/utt2spk ark,s,cs:exp/tri3b/trans.11 ark:- ark:- 
LOG (ali-to-post[5.2.70~1-98bbe1]:main():ali-to-post.cc:73) Converted 83 alignments.
LOG (weight-silence-post[5.2.70~1-98bbe1]:main():weight-silence-post.cc:95) Done 83 posteriors.
LOG (apply-cmvn[5.2.70~1-98bbe1]:main():apply-cmvn.cc:162) Applied cepstral mean normalization to 83 utterances, errors on 0
LOG (transform-feats[5.2.70~1-98bbe1]:main():transform-feats.cc:158) Overall average [pseudo-]logdet is -86.479 over 79624 frames.
LOG (transform-feats[5.2.70~1-98bbe1]:main():transform-feats.cc:161) Applied transform to 83 utterances; 0 had errors.
LOG (transform-feats[5.2.70~1-98bbe1]:main():transform-feats.cc:158) Overall average logdet is 0 over 79624 frames.
LOG (transform-feats[5.2.70~1-98bbe1]:main():transform-feats.cc:161) Applied transform to 83 utterances; 0 had errors.
WARNING (gmm-est-fmllr[5.2.70~1-98bbe1]:Update():fmllr-diag-gmm.cc:162) Not updating fMLLR since below min-count: count is 0
LOG (gmm-est-fmllr[5.2.70~1-98bbe1]:main():gmm-est-fmllr.cc:143) For speaker E001, auxf-impr from fMLLR is -nan, over 0 frames.
LOG (gmm-est-fmllr[5.2.70~1-98bbe1]:main():gmm-est-fmllr.cc:188) Done 83 files, 0 with no posts, 0 with other errors.
LOG (gmm-est-fmllr[5.2.70~1-98bbe1]:main():gmm-est-fmllr.cc:190) Overall fMLLR auxf impr per frame is -nan over 0 frames.
# Accounting: time=0 threads=1
# Ended (code 0) at Tue Oct 17 15:36:17 CST 2017, elapsed time 0 seconds
