# gmm-est --power=0.2 --write-occs=exp/tri3b/25.occs --mix-up=14000 exp/tri3b/24.mdl "gmm-sum-accs - exp/tri3b/24.*.acc |" exp/tri3b/25.mdl 
# Started at Tue Oct 17 15:39:59 CST 2017
#
gmm-est --power=0.2 --write-occs=exp/tri3b/25.occs --mix-up=14000 exp/tri3b/24.mdl 'gmm-sum-accs - exp/tri3b/24.*.acc |' exp/tri3b/25.mdl 
gmm-sum-accs - exp/tri3b/24.1.acc exp/tri3b/24.10.acc exp/tri3b/24.11.acc exp/tri3b/24.12.acc exp/tri3b/24.2.acc exp/tri3b/24.3.acc exp/tri3b/24.4.acc exp/tri3b/24.5.acc exp/tri3b/24.6.acc exp/tri3b/24.7.acc exp/tri3b/24.8.acc exp/tri3b/24.9.acc 
LOG (gmm-sum-accs[5.2.70~1-98bbe1]:main():gmm-sum-accs.cc:63) Summed 12 stats, total count 267440, avg like/frame -35.9889
LOG (gmm-sum-accs[5.2.70~1-98bbe1]:main():gmm-sum-accs.cc:66) Total count of stats is 267440
LOG (gmm-sum-accs[5.2.70~1-98bbe1]:main():gmm-sum-accs.cc:67) Written stats to -
LOG (gmm-est[5.2.70~1-98bbe1]:MleUpdate():transition-model.cc:517) TransitionModel::Update, objf change is 0 per frame over 267440 frames. 
LOG (gmm-est[5.2.70~1-98bbe1]:MleUpdate():transition-model.cc:520) 107 probabilities floored, 4676 out of 5456 transition-states skipped due to insuffient data (it is normal to have some skipped.)
LOG (gmm-est[5.2.70~1-98bbe1]:main():gmm-est.cc:102) Transition model update: Overall 0 log-like improvement per frame over 267440 frames.
WARNING (gmm-est[5.2.70~1-98bbe1]:MleDiagGmmUpdate():mle-diag-gmm.cc:359) Too little data - removing Gaussian (weight 0.000777, occupation count 9.753140, vector size 40)
WARNING (gmm-est[5.2.70~1-98bbe1]:MleDiagGmmUpdate():mle-diag-gmm.cc:359) Too little data - removing Gaussian (weight 0.000796, occupation count 9.995368, vector size 40)
WARNING (gmm-est[5.2.70~1-98bbe1]:MleDiagGmmUpdate():mle-diag-gmm.cc:365) Gaussian has too little data but not removing it because it is the last Gaussian: i = 0, occ = 0, weight = 1
WARNING (gmm-est[5.2.70~1-98bbe1]:MleDiagGmmUpdate():mle-diag-gmm.cc:365) Gaussian has too little data but not removing it because it is the last Gaussian: i = 0, occ = 0, weight = 1
WARNING (gmm-est[5.2.70~1-98bbe1]:MleDiagGmmUpdate():mle-diag-gmm.cc:365) Gaussian has too little data but not removing it because it is the last Gaussian: i = 0, occ = 0, weight = 1
WARNING (gmm-est[5.2.70~1-98bbe1]:MleDiagGmmUpdate():mle-diag-gmm.cc:365) Gaussian has too little data but not removing it because it is the last Gaussian: i = 0, occ = 0, weight = 1
WARNING (gmm-est[5.2.70~1-98bbe1]:MleDiagGmmUpdate():mle-diag-gmm.cc:359) Too little data - removing Gaussian (weight 0.098035, occupation count 9.999566, vector size 40)
WARNING (gmm-est[5.2.70~1-98bbe1]:MleDiagGmmUpdate():mle-diag-gmm.cc:365) Gaussian has too little data but not removing it because it is the last Gaussian: i = 0, occ = 0, weight = 1
WARNING (gmm-est[5.2.70~1-98bbe1]:MleDiagGmmUpdate():mle-diag-gmm.cc:365) Gaussian has too little data but not removing it because it is the last Gaussian: i = 0, occ = 0, weight = 1
WARNING (gmm-est[5.2.70~1-98bbe1]:MleDiagGmmUpdate():mle-diag-gmm.cc:359) Too little data - removing Gaussian (weight 0.000300, occupation count 8.431678, vector size 40)
WARNING (gmm-est[5.2.70~1-98bbe1]:MleDiagGmmUpdate():mle-diag-gmm.cc:359) Too little data - removing Gaussian (weight 0.000354, occupation count 9.945322, vector size 40)
WARNING (gmm-est[5.2.70~1-98bbe1]:MleDiagGmmUpdate():mle-diag-gmm.cc:359) Too little data - removing Gaussian (weight 0.000354, occupation count 9.949648, vector size 40)
WARNING (gmm-est[5.2.70~1-98bbe1]:MleDiagGmmUpdate():mle-diag-gmm.cc:359) Too little data - removing Gaussian (weight 0.000355, occupation count 9.993819, vector size 40)
WARNING (gmm-est[5.2.70~1-98bbe1]:MleDiagGmmUpdate():mle-diag-gmm.cc:359) Too little data - removing Gaussian (weight 0.000322, occupation count 9.053128, vector size 40)
WARNING (gmm-est[5.2.70~1-98bbe1]:MleDiagGmmUpdate():mle-diag-gmm.cc:359) Too little data - removing Gaussian (weight 0.000355, occupation count 9.978821, vector size 40)
WARNING (gmm-est[5.2.70~1-98bbe1]:MleDiagGmmUpdate():mle-diag-gmm.cc:359) Too little data - removing Gaussian (weight 0.000321, occupation count 9.021984, vector size 40)
WARNING (gmm-est[5.2.70~1-98bbe1]:MleDiagGmmUpdate():mle-diag-gmm.cc:359) Too little data - removing Gaussian (weight 0.000353, occupation count 9.930234, vector size 40)
WARNING (gmm-est[5.2.70~1-98bbe1]:MleDiagGmmUpdate():mle-diag-gmm.cc:359) Too little data - removing Gaussian (weight 0.000796, occupation count 9.475176, vector size 40)
WARNING (gmm-est[5.2.70~1-98bbe1]:MleDiagGmmUpdate():mle-diag-gmm.cc:359) Too little data - removing Gaussian (weight 0.000758, occupation count 9.999043, vector size 40)
WARNING (gmm-est[5.2.70~1-98bbe1]:MleDiagGmmUpdate():mle-diag-gmm.cc:359) Too little data - removing Gaussian (weight 0.000899, occupation count 9.084484, vector size 40)
WARNING (gmm-est[5.2.70~1-98bbe1]:MleDiagGmmUpdate():mle-diag-gmm.cc:359) Too little data - removing Gaussian (weight 0.000989, occupation count 9.996981, vector size 40)
WARNING (gmm-est[5.2.70~1-98bbe1]:MleDiagGmmUpdate():mle-diag-gmm.cc:359) Too little data - removing Gaussian (weight 0.045455, occupation count 9.999990, vector size 40)
WARNING (gmm-est[5.2.70~1-98bbe1]:MleDiagGmmUpdate():mle-diag-gmm.cc:359) Too little data - removing Gaussian (weight 0.046507, occupation count 9.813061, vector size 40)
WARNING (gmm-est[5.2.70~1-98bbe1]:MleDiagGmmUpdate():mle-diag-gmm.cc:359) Too little data - removing Gaussian (weight 0.062086, occupation count 9.933703, vector size 40)
WARNING (gmm-est[5.2.70~1-98bbe1]:MleDiagGmmUpdate():mle-diag-gmm.cc:359) Too little data - removing Gaussian (weight 0.054775, occupation count 8.873487, vector size 40)
LOG (gmm-est[5.2.70~1-98bbe1]:MleAmDiagGmmUpdate():mle-am-diag-gmm.cc:225) 8 variance elements floored in 6 Gaussians, out of 13156
LOG (gmm-est[5.2.70~1-98bbe1]:MleAmDiagGmmUpdate():mle-am-diag-gmm.cc:229) Removed 19 Gaussians due to counts < --min-gaussian-occupancy=10 and --remove-low-count-gaussians=true
LOG (gmm-est[5.2.70~1-98bbe1]:main():gmm-est.cc:113) GMM update: Overall 0.108397 objective function improvement per frame over 267440 frames
LOG (gmm-est[5.2.70~1-98bbe1]:main():gmm-est.cc:116) GMM update: Overall avg like per frame = -35.9889 over 267440 frames.
WARNING (gmm-est[5.2.70~1-98bbe1]:GetSplitTargets():model-common.cc:134) Could not split up to 14000 due to min-count = 20 (or no counts at all)
LOG (gmm-est[5.2.70~1-98bbe1]:SplitByCount():am-diag-gmm.cc:116) Split 454 states with target = 14000, power = 0.2, perturb_factor = 0.01 and min_count = 20, split #Gauss from 13156 to 13174
LOG (gmm-est[5.2.70~1-98bbe1]:main():gmm-est.cc:146) Written model to exp/tri3b/25.mdl
# Accounting: time=1 threads=1
# Ended (code 0) at Tue Oct 17 15:40:00 CST 2017, elapsed time 1 seconds
