# gmm-est --power=0.2 --write-occs=exp/tri3b/6.occs --mix-up=4500 exp/tri3b/5.mdl "gmm-sum-accs - exp/tri3b/5.*.acc |" exp/tri3b/6.mdl 
# Started at Tue Oct 17 15:36:23 CST 2017
#
gmm-est --power=0.2 --write-occs=exp/tri3b/6.occs --mix-up=4500 exp/tri3b/5.mdl 'gmm-sum-accs - exp/tri3b/5.*.acc |' exp/tri3b/6.mdl 
gmm-sum-accs - exp/tri3b/5.1.acc exp/tri3b/5.10.acc exp/tri3b/5.11.acc exp/tri3b/5.12.acc exp/tri3b/5.2.acc exp/tri3b/5.3.acc exp/tri3b/5.4.acc exp/tri3b/5.5.acc exp/tri3b/5.6.acc exp/tri3b/5.7.acc exp/tri3b/5.8.acc exp/tri3b/5.9.acc 
LOG (gmm-sum-accs[5.2.70~1-98bbe1]:main():gmm-sum-accs.cc:63) Summed 12 stats, total count 267440, avg like/frame -44.5766
LOG (gmm-sum-accs[5.2.70~1-98bbe1]:main():gmm-sum-accs.cc:66) Total count of stats is 267440
LOG (gmm-sum-accs[5.2.70~1-98bbe1]:main():gmm-sum-accs.cc:67) Written stats to -
LOG (gmm-est[5.2.70~1-98bbe1]:MleUpdate():transition-model.cc:517) TransitionModel::Update, objf change is 0 per frame over 267440 frames. 
LOG (gmm-est[5.2.70~1-98bbe1]:MleUpdate():transition-model.cc:520) 104 probabilities floored, 4675 out of 5456 transition-states skipped due to insuffient data (it is normal to have some skipped.)
LOG (gmm-est[5.2.70~1-98bbe1]:main():gmm-est.cc:102) Transition model update: Overall 0 log-like improvement per frame over 267440 frames.
WARNING (gmm-est[5.2.70~1-98bbe1]:MleDiagGmmUpdate():mle-diag-gmm.cc:359) Too little data - removing Gaussian (weight 0.030174, occupation count 8.177239, vector size 40)
WARNING (gmm-est[5.2.70~1-98bbe1]:MleDiagGmmUpdate():mle-diag-gmm.cc:359) Too little data - removing Gaussian (weight 0.034279, occupation count 9.289589, vector size 40)
WARNING (gmm-est[5.2.70~1-98bbe1]:MleDiagGmmUpdate():mle-diag-gmm.cc:365) Gaussian has too little data but not removing it because it is the last Gaussian: i = 0, occ = 0, weight = 1
WARNING (gmm-est[5.2.70~1-98bbe1]:MleDiagGmmUpdate():mle-diag-gmm.cc:359) Too little data - removing Gaussian (weight 0.026624, occupation count 7.268222, vector size 40)
WARNING (gmm-est[5.2.70~1-98bbe1]:MleDiagGmmUpdate():mle-diag-gmm.cc:359) Too little data - removing Gaussian (weight 0.049207, occupation count 9.496873, vector size 40)
WARNING (gmm-est[5.2.70~1-98bbe1]:MleDiagGmmUpdate():mle-diag-gmm.cc:365) Gaussian has too little data but not removing it because it is the last Gaussian: i = 0, occ = 0, weight = 1
WARNING (gmm-est[5.2.70~1-98bbe1]:MleDiagGmmUpdate():mle-diag-gmm.cc:359) Too little data - removing Gaussian (weight 0.030849, occupation count 4.627416, vector size 40)
WARNING (gmm-est[5.2.70~1-98bbe1]:MleDiagGmmUpdate():mle-diag-gmm.cc:359) Too little data - removing Gaussian (weight 0.048053, occupation count 7.159850, vector size 40)
WARNING (gmm-est[5.2.70~1-98bbe1]:MleDiagGmmUpdate():mle-diag-gmm.cc:359) Too little data - removing Gaussian (weight 0.035749, occupation count 6.327497, vector size 40)
WARNING (gmm-est[5.2.70~1-98bbe1]:MleDiagGmmUpdate():mle-diag-gmm.cc:365) Gaussian has too little data but not removing it because it is the last Gaussian: i = 0, occ = 0, weight = 1
WARNING (gmm-est[5.2.70~1-98bbe1]:MleDiagGmmUpdate():mle-diag-gmm.cc:359) Too little data - removing Gaussian (weight 0.022708, occupation count 6.903273, vector size 40)
WARNING (gmm-est[5.2.70~1-98bbe1]:MleDiagGmmUpdate():mle-diag-gmm.cc:359) Too little data - removing Gaussian (weight 0.022370, occupation count 6.800541, vector size 40)
WARNING (gmm-est[5.2.70~1-98bbe1]:MleDiagGmmUpdate():mle-diag-gmm.cc:359) Too little data - removing Gaussian (weight 0.018960, occupation count 5.763968, vector size 40)
WARNING (gmm-est[5.2.70~1-98bbe1]:MleDiagGmmUpdate():mle-diag-gmm.cc:359) Too little data - removing Gaussian (weight 0.045381, occupation count 8.939984, vector size 40)
WARNING (gmm-est[5.2.70~1-98bbe1]:MleDiagGmmUpdate():mle-diag-gmm.cc:365) Gaussian has too little data but not removing it because it is the last Gaussian: i = 0, occ = 0, weight = 1
WARNING (gmm-est[5.2.70~1-98bbe1]:MleDiagGmmUpdate():mle-diag-gmm.cc:359) Too little data - removing Gaussian (weight 0.029267, occupation count 6.994897, vector size 40)
WARNING (gmm-est[5.2.70~1-98bbe1]:MleDiagGmmUpdate():mle-diag-gmm.cc:359) Too little data - removing Gaussian (weight 0.043891, occupation count 9.304950, vector size 40)
WARNING (gmm-est[5.2.70~1-98bbe1]:MleDiagGmmUpdate():mle-diag-gmm.cc:359) Too little data - removing Gaussian (weight 0.110375, occupation count 9.050777, vector size 40)
WARNING (gmm-est[5.2.70~1-98bbe1]:MleDiagGmmUpdate():mle-diag-gmm.cc:359) Too little data - removing Gaussian (weight 0.068634, occupation count 8.853779, vector size 40)
WARNING (gmm-est[5.2.70~1-98bbe1]:MleDiagGmmUpdate():mle-diag-gmm.cc:365) Gaussian has too little data but not removing it because it is the last Gaussian: i = 0, occ = 0, weight = 1
WARNING (gmm-est[5.2.70~1-98bbe1]:MleDiagGmmUpdate():mle-diag-gmm.cc:365) Gaussian has too little data but not removing it because it is the last Gaussian: i = 0, occ = 0, weight = 1
WARNING (gmm-est[5.2.70~1-98bbe1]:MleDiagGmmUpdate():mle-diag-gmm.cc:359) Too little data - removing Gaussian (weight 0.028367, occupation count 9.559698, vector size 40)
WARNING (gmm-est[5.2.70~1-98bbe1]:MleDiagGmmUpdate():mle-diag-gmm.cc:359) Too little data - removing Gaussian (weight 0.071036, occupation count 6.890469, vector size 40)
WARNING (gmm-est[5.2.70~1-98bbe1]:MleDiagGmmUpdate():mle-diag-gmm.cc:359) Too little data - removing Gaussian (weight 0.085685, occupation count 8.225800, vector size 40)
WARNING (gmm-est[5.2.70~1-98bbe1]:MleDiagGmmUpdate():mle-diag-gmm.cc:359) Too little data - removing Gaussian (weight 0.025749, occupation count 6.591864, vector size 40)
WARNING (gmm-est[5.2.70~1-98bbe1]:MleDiagGmmUpdate():mle-diag-gmm.cc:359) Too little data - removing Gaussian (weight 0.030977, occupation count 7.930102, vector size 40)
WARNING (gmm-est[5.2.70~1-98bbe1]:MleDiagGmmUpdate():mle-diag-gmm.cc:359) Too little data - removing Gaussian (weight 0.027556, occupation count 7.054249, vector size 40)
WARNING (gmm-est[5.2.70~1-98bbe1]:MleDiagGmmUpdate():mle-diag-gmm.cc:359) Too little data - removing Gaussian (weight 0.076602, occupation count 8.043200, vector size 40)
WARNING (gmm-est[5.2.70~1-98bbe1]:MleDiagGmmUpdate():mle-diag-gmm.cc:359) Too little data - removing Gaussian (weight 0.000002, occupation count 0.103310, vector size 40)
WARNING (gmm-est[5.2.70~1-98bbe1]:MleDiagGmmUpdate():mle-diag-gmm.cc:359) Too little data - removing Gaussian (weight 0.007156, occupation count 9.059605, vector size 40)
WARNING (gmm-est[5.2.70~1-98bbe1]:MleDiagGmmUpdate():mle-diag-gmm.cc:359) Too little data - removing Gaussian (weight 0.006505, occupation count 8.234966, vector size 40)
WARNING (gmm-est[5.2.70~1-98bbe1]:MleDiagGmmUpdate():mle-diag-gmm.cc:359) Too little data - removing Gaussian (weight 0.002592, occupation count 5.241364, vector size 40)
WARNING (gmm-est[5.2.70~1-98bbe1]:MleDiagGmmUpdate():mle-diag-gmm.cc:359) Too little data - removing Gaussian (weight 0.045325, occupation count 9.880870, vector size 40)
WARNING (gmm-est[5.2.70~1-98bbe1]:MleDiagGmmUpdate():mle-diag-gmm.cc:359) Too little data - removing Gaussian (weight 0.015896, occupation count 9.410394, vector size 40)
WARNING (gmm-est[5.2.70~1-98bbe1]:MleDiagGmmUpdate():mle-diag-gmm.cc:359) Too little data - removing Gaussian (weight 0.014482, occupation count 8.573186, vector size 40)
WARNING (gmm-est[5.2.70~1-98bbe1]:MleDiagGmmUpdate():mle-diag-gmm.cc:359) Too little data - removing Gaussian (weight 0.016334, occupation count 9.670007, vector size 40)
WARNING (gmm-est[5.2.70~1-98bbe1]:MleDiagGmmUpdate():mle-diag-gmm.cc:359) Too little data - removing Gaussian (weight 0.004138, occupation count 3.930857, vector size 40)
WARNING (gmm-est[5.2.70~1-98bbe1]:MleDiagGmmUpdate():mle-diag-gmm.cc:359) Too little data - removing Gaussian (weight 0.004156, occupation count 3.948298, vector size 40)
WARNING (gmm-est[5.2.70~1-98bbe1]:MleDiagGmmUpdate():mle-diag-gmm.cc:359) Too little data - removing Gaussian (weight 0.042480, occupation count 8.835797, vector size 40)
WARNING (gmm-est[5.2.70~1-98bbe1]:MleDiagGmmUpdate():mle-diag-gmm.cc:359) Too little data - removing Gaussian (weight 0.031393, occupation count 9.198295, vector size 40)
WARNING (gmm-est[5.2.70~1-98bbe1]:MleDiagGmmUpdate():mle-diag-gmm.cc:359) Too little data - removing Gaussian (weight 0.024618, occupation count 5.982118, vector size 40)
WARNING (gmm-est[5.2.70~1-98bbe1]:MleDiagGmmUpdate():mle-diag-gmm.cc:359) Too little data - removing Gaussian (weight 0.047642, occupation count 8.766144, vector size 40)
WARNING (gmm-est[5.2.70~1-98bbe1]:MleDiagGmmUpdate():mle-diag-gmm.cc:359) Too little data - removing Gaussian (weight 0.035765, occupation count 6.580806, vector size 40)
WARNING (gmm-est[5.2.70~1-98bbe1]:MleDiagGmmUpdate():mle-diag-gmm.cc:359) Too little data - removing Gaussian (weight 0.045098, occupation count 8.298034, vector size 40)
WARNING (gmm-est[5.2.70~1-98bbe1]:MleDiagGmmUpdate():mle-diag-gmm.cc:359) Too little data - removing Gaussian (weight 0.022067, occupation count 6.774662, vector size 40)
WARNING (gmm-est[5.2.70~1-98bbe1]:MleDiagGmmUpdate():mle-diag-gmm.cc:359) Too little data - removing Gaussian (weight 0.021582, occupation count 6.625763, vector size 40)
WARNING (gmm-est[5.2.70~1-98bbe1]:MleDiagGmmUpdate():mle-diag-gmm.cc:359) Too little data - removing Gaussian (weight 0.066234, occupation count 9.537635, vector size 40)
WARNING (gmm-est[5.2.70~1-98bbe1]:MleDiagGmmUpdate():mle-diag-gmm.cc:359) Too little data - removing Gaussian (weight 0.056600, occupation count 8.150465, vector size 40)
WARNING (gmm-est[5.2.70~1-98bbe1]:MleDiagGmmUpdate():mle-diag-gmm.cc:359) Too little data - removing Gaussian (weight 0.024504, occupation count 8.944012, vector size 40)
WARNING (gmm-est[5.2.70~1-98bbe1]:MleDiagGmmUpdate():mle-diag-gmm.cc:359) Too little data - removing Gaussian (weight 0.024786, occupation count 9.046897, vector size 40)
WARNING (gmm-est[5.2.70~1-98bbe1]:MleDiagGmmUpdate():mle-diag-gmm.cc:359) Too little data - removing Gaussian (weight 0.055048, occupation count 8.202130, vector size 40)
WARNING (gmm-est[5.2.70~1-98bbe1]:MleDiagGmmUpdate():mle-diag-gmm.cc:359) Too little data - removing Gaussian (weight 0.018444, occupation count 2.858842, vector size 40)
WARNING (gmm-est[5.2.70~1-98bbe1]:MleDiagGmmUpdate():mle-diag-gmm.cc:359) Too little data - removing Gaussian (weight 0.059713, occupation count 9.255475, vector size 40)
WARNING (gmm-est[5.2.70~1-98bbe1]:MleDiagGmmUpdate():mle-diag-gmm.cc:359) Too little data - removing Gaussian (weight 0.014647, occupation count 4.789666, vector size 40)
WARNING (gmm-est[5.2.70~1-98bbe1]:MleDiagGmmUpdate():mle-diag-gmm.cc:359) Too little data - removing Gaussian (weight 0.020900, occupation count 6.834300, vector size 40)
WARNING (gmm-est[5.2.70~1-98bbe1]:MleDiagGmmUpdate():mle-diag-gmm.cc:359) Too little data - removing Gaussian (weight 0.021340, occupation count 8.365201, vector size 40)
WARNING (gmm-est[5.2.70~1-98bbe1]:MleDiagGmmUpdate():mle-diag-gmm.cc:359) Too little data - removing Gaussian (weight 0.046036, occupation count 7.964285, vector size 40)
WARNING (gmm-est[5.2.70~1-98bbe1]:MleDiagGmmUpdate():mle-diag-gmm.cc:359) Too little data - removing Gaussian (weight 0.040070, occupation count 9.216058, vector size 40)
WARNING (gmm-est[5.2.70~1-98bbe1]:MleDiagGmmUpdate():mle-diag-gmm.cc:359) Too little data - removing Gaussian (weight 0.026915, occupation count 6.190383, vector size 40)
WARNING (gmm-est[5.2.70~1-98bbe1]:MleDiagGmmUpdate():mle-diag-gmm.cc:359) Too little data - removing Gaussian (weight 0.042734, occupation count 5.469995, vector size 40)
WARNING (gmm-est[5.2.70~1-98bbe1]:MleDiagGmmUpdate():mle-diag-gmm.cc:359) Too little data - removing Gaussian (weight 0.038177, occupation count 6.566367, vector size 40)
WARNING (gmm-est[5.2.70~1-98bbe1]:MleDiagGmmUpdate():mle-diag-gmm.cc:359) Too little data - removing Gaussian (weight 0.022705, occupation count 9.263507, vector size 40)
WARNING (gmm-est[5.2.70~1-98bbe1]:MleDiagGmmUpdate():mle-diag-gmm.cc:359) Too little data - removing Gaussian (weight 0.022599, occupation count 9.220251, vector size 40)
WARNING (gmm-est[5.2.70~1-98bbe1]:MleDiagGmmUpdate():mle-diag-gmm.cc:359) Too little data - removing Gaussian (weight 0.059822, occupation count 7.896477, vector size 40)
WARNING (gmm-est[5.2.70~1-98bbe1]:MleDiagGmmUpdate():mle-diag-gmm.cc:359) Too little data - removing Gaussian (weight 0.060343, occupation count 7.784222, vector size 40)
WARNING (gmm-est[5.2.70~1-98bbe1]:MleDiagGmmUpdate():mle-diag-gmm.cc:359) Too little data - removing Gaussian (weight 0.046862, occupation count 9.559903, vector size 40)
WARNING (gmm-est[5.2.70~1-98bbe1]:MleDiagGmmUpdate():mle-diag-gmm.cc:359) Too little data - removing Gaussian (weight 0.065691, occupation count 8.736962, vector size 40)
WARNING (gmm-est[5.2.70~1-98bbe1]:MleDiagGmmUpdate():mle-diag-gmm.cc:359) Too little data - removing Gaussian (weight 0.028418, occupation count 7.104462, vector size 40)
WARNING (gmm-est[5.2.70~1-98bbe1]:MleDiagGmmUpdate():mle-diag-gmm.cc:359) Too little data - removing Gaussian (weight 0.038925, occupation count 9.731215, vector size 40)
WARNING (gmm-est[5.2.70~1-98bbe1]:MleDiagGmmUpdate():mle-diag-gmm.cc:359) Too little data - removing Gaussian (weight 0.034326, occupation count 7.620328, vector size 40)
WARNING (gmm-est[5.2.70~1-98bbe1]:MleDiagGmmUpdate():mle-diag-gmm.cc:359) Too little data - removing Gaussian (weight 0.032403, occupation count 9.072905, vector size 40)
WARNING (gmm-est[5.2.70~1-98bbe1]:MleDiagGmmUpdate():mle-diag-gmm.cc:359) Too little data - removing Gaussian (weight 0.063737, occupation count 9.942987, vector size 40)
WARNING (gmm-est[5.2.70~1-98bbe1]:MleDiagGmmUpdate():mle-diag-gmm.cc:359) Too little data - removing Gaussian (weight 0.060718, occupation count 9.896997, vector size 40)
WARNING (gmm-est[5.2.70~1-98bbe1]:MleDiagGmmUpdate():mle-diag-gmm.cc:359) Too little data - removing Gaussian (weight 0.112102, occupation count 9.528643, vector size 40)
WARNING (gmm-est[5.2.70~1-98bbe1]:MleDiagGmmUpdate():mle-diag-gmm.cc:359) Too little data - removing Gaussian (weight 0.058070, occupation count 8.187828, vector size 40)
WARNING (gmm-est[5.2.70~1-98bbe1]:MleDiagGmmUpdate():mle-diag-gmm.cc:359) Too little data - removing Gaussian (weight 0.024374, occupation count 5.606098, vector size 40)
WARNING (gmm-est[5.2.70~1-98bbe1]:MleDiagGmmUpdate():mle-diag-gmm.cc:359) Too little data - removing Gaussian (weight 0.042507, occupation count 9.776668, vector size 40)
WARNING (gmm-est[5.2.70~1-98bbe1]:MleDiagGmmUpdate():mle-diag-gmm.cc:359) Too little data - removing Gaussian (weight 0.040762, occupation count 7.377872, vector size 40)
WARNING (gmm-est[5.2.70~1-98bbe1]:MleDiagGmmUpdate():mle-diag-gmm.cc:359) Too little data - removing Gaussian (weight 0.052254, occupation count 9.457990, vector size 40)
WARNING (gmm-est[5.2.70~1-98bbe1]:MleDiagGmmUpdate():mle-diag-gmm.cc:359) Too little data - removing Gaussian (weight 0.031548, occupation count 8.549598, vector size 40)
WARNING (gmm-est[5.2.70~1-98bbe1]:MleDiagGmmUpdate():mle-diag-gmm.cc:359) Too little data - removing Gaussian (weight 0.043810, occupation count 7.272415, vector size 40)
WARNING (gmm-est[5.2.70~1-98bbe1]:MleDiagGmmUpdate():mle-diag-gmm.cc:359) Too little data - removing Gaussian (weight 0.041763, occupation count 6.932693, vector size 40)
WARNING (gmm-est[5.2.70~1-98bbe1]:MleDiagGmmUpdate():mle-diag-gmm.cc:359) Too little data - removing Gaussian (weight 0.059480, occupation count 9.100464, vector size 40)
WARNING (gmm-est[5.2.70~1-98bbe1]:MleDiagGmmUpdate():mle-diag-gmm.cc:359) Too little data - removing Gaussian (weight 0.052067, occupation count 9.528291, vector size 40)
WARNING (gmm-est[5.2.70~1-98bbe1]:MleDiagGmmUpdate():mle-diag-gmm.cc:359) Too little data - removing Gaussian (weight 0.078628, occupation count 9.199498, vector size 40)
WARNING (gmm-est[5.2.70~1-98bbe1]:MleDiagGmmUpdate():mle-diag-gmm.cc:359) Too little data - removing Gaussian (weight 0.058029, occupation count 7.949948, vector size 40)
WARNING (gmm-est[5.2.70~1-98bbe1]:MleDiagGmmUpdate():mle-diag-gmm.cc:359) Too little data - removing Gaussian (weight 0.062203, occupation count 8.521752, vector size 40)
WARNING (gmm-est[5.2.70~1-98bbe1]:MleDiagGmmUpdate():mle-diag-gmm.cc:359) Too little data - removing Gaussian (weight 0.066299, occupation count 7.226628, vector size 40)
WARNING (gmm-est[5.2.70~1-98bbe1]:MleDiagGmmUpdate():mle-diag-gmm.cc:359) Too little data - removing Gaussian (weight 0.047611, occupation count 8.046303, vector size 40)
WARNING (gmm-est[5.2.70~1-98bbe1]:MleDiagGmmUpdate():mle-diag-gmm.cc:359) Too little data - removing Gaussian (weight 0.027948, occupation count 8.496127, vector size 40)
WARNING (gmm-est[5.2.70~1-98bbe1]:MleDiagGmmUpdate():mle-diag-gmm.cc:359) Too little data - removing Gaussian (weight 0.012835, occupation count 3.901804, vector size 40)
WARNING (gmm-est[5.2.70~1-98bbe1]:MleDiagGmmUpdate():mle-diag-gmm.cc:359) Too little data - removing Gaussian (weight 0.010771, occupation count 3.274465, vector size 40)
WARNING (gmm-est[5.2.70~1-98bbe1]:MleDiagGmmUpdate():mle-diag-gmm.cc:359) Too little data - removing Gaussian (weight 0.042537, occupation count 8.719993, vector size 40)
WARNING (gmm-est[5.2.70~1-98bbe1]:MleDiagGmmUpdate():mle-diag-gmm.cc:359) Too little data - removing Gaussian (weight 0.031791, occupation count 8.043023, vector size 40)
WARNING (gmm-est[5.2.70~1-98bbe1]:MleDiagGmmUpdate():mle-diag-gmm.cc:359) Too little data - removing Gaussian (weight 0.061702, occupation count 9.872294, vector size 40)
WARNING (gmm-est[5.2.70~1-98bbe1]:MleDiagGmmUpdate():mle-diag-gmm.cc:359) Too little data - removing Gaussian (weight 0.055061, occupation count 9.965979, vector size 40)
WARNING (gmm-est[5.2.70~1-98bbe1]:MleDiagGmmUpdate():mle-diag-gmm.cc:359) Too little data - removing Gaussian (weight 0.051910, occupation count 9.395738, vector size 40)
WARNING (gmm-est[5.2.70~1-98bbe1]:MleDiagGmmUpdate():mle-diag-gmm.cc:359) Too little data - removing Gaussian (weight 0.054761, occupation count 9.364197, vector size 40)
WARNING (gmm-est[5.2.70~1-98bbe1]:MleDiagGmmUpdate():mle-diag-gmm.cc:359) Too little data - removing Gaussian (weight 0.065667, occupation count 7.157685, vector size 40)
WARNING (gmm-est[5.2.70~1-98bbe1]:MleDiagGmmUpdate():mle-diag-gmm.cc:359) Too little data - removing Gaussian (weight 0.058170, occupation count 8.434684, vector size 40)
WARNING (gmm-est[5.2.70~1-98bbe1]:MleDiagGmmUpdate():mle-diag-gmm.cc:359) Too little data - removing Gaussian (weight 0.039104, occupation count 8.720182, vector size 40)
WARNING (gmm-est[5.2.70~1-98bbe1]:MleDiagGmmUpdate():mle-diag-gmm.cc:359) Too little data - removing Gaussian (weight 0.015208, occupation count 3.741088, vector size 40)
WARNING (gmm-est[5.2.70~1-98bbe1]:MleDiagGmmUpdate():mle-diag-gmm.cc:359) Too little data - removing Gaussian (weight 0.037145, occupation count 9.137737, vector size 40)
WARNING (gmm-est[5.2.70~1-98bbe1]:MleDiagGmmUpdate():mle-diag-gmm.cc:359) Too little data - removing Gaussian (weight 0.029939, occupation count 9.999635, vector size 40)
WARNING (gmm-est[5.2.70~1-98bbe1]:MleDiagGmmUpdate():mle-diag-gmm.cc:359) Too little data - removing Gaussian (weight 0.029898, occupation count 9.985789, vector size 40)
WARNING (gmm-est[5.2.70~1-98bbe1]:MleDiagGmmUpdate():mle-diag-gmm.cc:359) Too little data - removing Gaussian (weight 0.026290, occupation count 9.858934, vector size 40)
WARNING (gmm-est[5.2.70~1-98bbe1]:MleDiagGmmUpdate():mle-diag-gmm.cc:359) Too little data - removing Gaussian (weight 0.075887, occupation count 9.561792, vector size 40)
WARNING (gmm-est[5.2.70~1-98bbe1]:MleDiagGmmUpdate():mle-diag-gmm.cc:359) Too little data - removing Gaussian (weight 0.041077, occupation count 9.160120, vector size 40)
WARNING (gmm-est[5.2.70~1-98bbe1]:MleDiagGmmUpdate():mle-diag-gmm.cc:359) Too little data - removing Gaussian (weight 0.071847, occupation count 8.621608, vector size 40)
WARNING (gmm-est[5.2.70~1-98bbe1]:MleDiagGmmUpdate():mle-diag-gmm.cc:359) Too little data - removing Gaussian (weight 0.073351, occupation count 9.535613, vector size 40)
WARNING (gmm-est[5.2.70~1-98bbe1]:MleDiagGmmUpdate():mle-diag-gmm.cc:359) Too little data - removing Gaussian (weight 0.047986, occupation count 8.253531, vector size 40)
WARNING (gmm-est[5.2.70~1-98bbe1]:MleDiagGmmUpdate():mle-diag-gmm.cc:359) Too little data - removing Gaussian (weight 0.045188, occupation count 7.772377, vector size 40)
WARNING (gmm-est[5.2.70~1-98bbe1]:MleDiagGmmUpdate():mle-diag-gmm.cc:359) Too little data - removing Gaussian (weight 0.034377, occupation count 5.912929, vector size 40)
WARNING (gmm-est[5.2.70~1-98bbe1]:MleDiagGmmUpdate():mle-diag-gmm.cc:359) Too little data - removing Gaussian (weight 0.047512, occupation count 8.362038, vector size 40)
WARNING (gmm-est[5.2.70~1-98bbe1]:MleDiagGmmUpdate():mle-diag-gmm.cc:359) Too little data - removing Gaussian (weight 0.031814, occupation count 7.794433, vector size 40)
WARNING (gmm-est[5.2.70~1-98bbe1]:MleDiagGmmUpdate():mle-diag-gmm.cc:359) Too little data - removing Gaussian (weight 0.013896, occupation count 3.404582, vector size 40)
WARNING (gmm-est[5.2.70~1-98bbe1]:MleDiagGmmUpdate():mle-diag-gmm.cc:359) Too little data - removing Gaussian (weight 0.031004, occupation count 4.712619, vector size 40)
WARNING (gmm-est[5.2.70~1-98bbe1]:MleDiagGmmUpdate():mle-diag-gmm.cc:359) Too little data - removing Gaussian (weight 0.075081, occupation count 9.760562, vector size 40)
WARNING (gmm-est[5.2.70~1-98bbe1]:MleDiagGmmUpdate():mle-diag-gmm.cc:359) Too little data - removing Gaussian (weight 0.026659, occupation count 3.652244, vector size 40)
WARNING (gmm-est[5.2.70~1-98bbe1]:MleDiagGmmUpdate():mle-diag-gmm.cc:359) Too little data - removing Gaussian (weight 0.019547, occupation count 9.421437, vector size 40)
WARNING (gmm-est[5.2.70~1-98bbe1]:MleDiagGmmUpdate():mle-diag-gmm.cc:359) Too little data - removing Gaussian (weight 0.045083, occupation count 7.483718, vector size 40)
WARNING (gmm-est[5.2.70~1-98bbe1]:MleDiagGmmUpdate():mle-diag-gmm.cc:359) Too little data - removing Gaussian (weight 0.065076, occupation count 8.655108, vector size 40)
WARNING (gmm-est[5.2.70~1-98bbe1]:MleDiagGmmUpdate():mle-diag-gmm.cc:359) Too little data - removing Gaussian (weight 0.039402, occupation count 9.850524, vector size 40)
WARNING (gmm-est[5.2.70~1-98bbe1]:MleDiagGmmUpdate():mle-diag-gmm.cc:359) Too little data - removing Gaussian (weight 0.041608, occupation count 7.281313, vector size 40)
WARNING (gmm-est[5.2.70~1-98bbe1]:MleDiagGmmUpdate():mle-diag-gmm.cc:359) Too little data - removing Gaussian (weight 0.034148, occupation count 9.697912, vector size 40)
WARNING (gmm-est[5.2.70~1-98bbe1]:MleDiagGmmUpdate():mle-diag-gmm.cc:359) Too little data - removing Gaussian (weight 0.032100, occupation count 9.116360, vector size 40)
WARNING (gmm-est[5.2.70~1-98bbe1]:MleDiagGmmUpdate():mle-diag-gmm.cc:359) Too little data - removing Gaussian (weight 0.020377, occupation count 9.291993, vector size 40)
WARNING (gmm-est[5.2.70~1-98bbe1]:MleDiagGmmUpdate():mle-diag-gmm.cc:359) Too little data - removing Gaussian (weight 0.020355, occupation count 9.282036, vector size 40)
WARNING (gmm-est[5.2.70~1-98bbe1]:MleDiagGmmUpdate():mle-diag-gmm.cc:359) Too little data - removing Gaussian (weight 0.031477, occupation count 5.508543, vector size 40)
WARNING (gmm-est[5.2.70~1-98bbe1]:MleDiagGmmUpdate():mle-diag-gmm.cc:359) Too little data - removing Gaussian (weight 0.047056, occupation count 8.234788, vector size 40)
WARNING (gmm-est[5.2.70~1-98bbe1]:MleDiagGmmUpdate():mle-diag-gmm.cc:359) Too little data - removing Gaussian (weight 0.047253, occupation count 7.607761, vector size 40)
WARNING (gmm-est[5.2.70~1-98bbe1]:MleDiagGmmUpdate():mle-diag-gmm.cc:359) Too little data - removing Gaussian (weight 0.036667, occupation count 8.763389, vector size 40)
WARNING (gmm-est[5.2.70~1-98bbe1]:MleDiagGmmUpdate():mle-diag-gmm.cc:359) Too little data - removing Gaussian (weight 0.036121, occupation count 8.632946, vector size 40)
WARNING (gmm-est[5.2.70~1-98bbe1]:MleDiagGmmUpdate():mle-diag-gmm.cc:359) Too little data - removing Gaussian (weight 0.064553, occupation count 8.714657, vector size 40)
WARNING (gmm-est[5.2.70~1-98bbe1]:MleDiagGmmUpdate():mle-diag-gmm.cc:359) Too little data - removing Gaussian (weight 0.034787, occupation count 8.557553, vector size 40)
WARNING (gmm-est[5.2.70~1-98bbe1]:MleDiagGmmUpdate():mle-diag-gmm.cc:359) Too little data - removing Gaussian (weight 0.059465, occupation count 9.573804, vector size 40)
WARNING (gmm-est[5.2.70~1-98bbe1]:MleDiagGmmUpdate():mle-diag-gmm.cc:359) Too little data - removing Gaussian (weight 0.034651, occupation count 8.385613, vector size 40)
WARNING (gmm-est[5.2.70~1-98bbe1]:MleDiagGmmUpdate():mle-diag-gmm.cc:359) Too little data - removing Gaussian (weight 0.027875, occupation count 6.801406, vector size 40)
WARNING (gmm-est[5.2.70~1-98bbe1]:MleDiagGmmUpdate():mle-diag-gmm.cc:359) Too little data - removing Gaussian (weight 0.005625, occupation count 9.770941, vector size 40)
WARNING (gmm-est[5.2.70~1-98bbe1]:MleDiagGmmUpdate():mle-diag-gmm.cc:359) Too little data - removing Gaussian (weight 0.040918, occupation count 9.943000, vector size 40)
WARNING (gmm-est[5.2.70~1-98bbe1]:MleDiagGmmUpdate():mle-diag-gmm.cc:359) Too little data - removing Gaussian (weight 0.069808, occupation count 9.912797, vector size 40)
WARNING (gmm-est[5.2.70~1-98bbe1]:MleDiagGmmUpdate():mle-diag-gmm.cc:359) Too little data - removing Gaussian (weight 0.054138, occupation count 8.662104, vector size 40)
WARNING (gmm-est[5.2.70~1-98bbe1]:MleDiagGmmUpdate():mle-diag-gmm.cc:359) Too little data - removing Gaussian (weight 0.036915, occupation count 6.718513, vector size 40)
WARNING (gmm-est[5.2.70~1-98bbe1]:MleDiagGmmUpdate():mle-diag-gmm.cc:359) Too little data - removing Gaussian (weight 0.057479, occupation count 8.391986, vector size 40)
WARNING (gmm-est[5.2.70~1-98bbe1]:MleDiagGmmUpdate():mle-diag-gmm.cc:359) Too little data - removing Gaussian (weight 0.105093, occupation count 9.038004, vector size 40)
WARNING (gmm-est[5.2.70~1-98bbe1]:MleDiagGmmUpdate():mle-diag-gmm.cc:359) Too little data - removing Gaussian (weight 0.033464, occupation count 8.934953, vector size 40)
LOG (gmm-est[5.2.70~1-98bbe1]:MleAmDiagGmmUpdate():mle-am-diag-gmm.cc:225) 0 variance elements floored in 0 Gaussians, out of 3860
LOG (gmm-est[5.2.70~1-98bbe1]:MleAmDiagGmmUpdate():mle-am-diag-gmm.cc:229) Removed 140 Gaussians due to counts < --min-gaussian-occupancy=10 and --remove-low-count-gaussians=true
LOG (gmm-est[5.2.70~1-98bbe1]:main():gmm-est.cc:113) GMM update: Overall 1.07342 objective function improvement per frame over 267440 frames
LOG (gmm-est[5.2.70~1-98bbe1]:main():gmm-est.cc:116) GMM update: Overall avg like per frame = -44.5766 over 267440 frames.
LOG (gmm-est[5.2.70~1-98bbe1]:SplitByCount():am-diag-gmm.cc:116) Split 454 states with target = 4500, power = 0.2, perturb_factor = 0.01 and min_count = 20, split #Gauss from 3860 to 4500
LOG (gmm-est[5.2.70~1-98bbe1]:main():gmm-est.cc:146) Written model to exp/tri3b/6.mdl
# Accounting: time=0 threads=1
# Ended (code 0) at Tue Oct 17 15:36:23 CST 2017, elapsed time 0 seconds
