# gmm-est --power=0.2 --write-occs=exp/tri3b/9.occs --mix-up=6000 exp/tri3b/8.mdl "gmm-sum-accs - exp/tri3b/8.*.acc |" exp/tri3b/9.mdl 
# Started at Tue Oct 17 15:36:30 CST 2017
#
gmm-est --power=0.2 --write-occs=exp/tri3b/9.occs --mix-up=6000 exp/tri3b/8.mdl 'gmm-sum-accs - exp/tri3b/8.*.acc |' exp/tri3b/9.mdl 
gmm-sum-accs - exp/tri3b/8.1.acc exp/tri3b/8.10.acc exp/tri3b/8.11.acc exp/tri3b/8.12.acc exp/tri3b/8.2.acc exp/tri3b/8.3.acc exp/tri3b/8.4.acc exp/tri3b/8.5.acc exp/tri3b/8.6.acc exp/tri3b/8.7.acc exp/tri3b/8.8.acc exp/tri3b/8.9.acc 
LOG (gmm-sum-accs[5.2.70~1-98bbe1]:main():gmm-sum-accs.cc:63) Summed 12 stats, total count 267440, avg like/frame -40.9306
LOG (gmm-sum-accs[5.2.70~1-98bbe1]:main():gmm-sum-accs.cc:66) Total count of stats is 267440
LOG (gmm-sum-accs[5.2.70~1-98bbe1]:main():gmm-sum-accs.cc:67) Written stats to -
LOG (gmm-est[5.2.70~1-98bbe1]:MleUpdate():transition-model.cc:517) TransitionModel::Update, objf change is 0 per frame over 267440 frames. 
LOG (gmm-est[5.2.70~1-98bbe1]:MleUpdate():transition-model.cc:520) 104 probabilities floored, 4675 out of 5456 transition-states skipped due to insuffient data (it is normal to have some skipped.)
LOG (gmm-est[5.2.70~1-98bbe1]:main():gmm-est.cc:102) Transition model update: Overall 0 log-like improvement per frame over 267440 frames.
WARNING (gmm-est[5.2.70~1-98bbe1]:MleDiagGmmUpdate():mle-diag-gmm.cc:359) Too little data - removing Gaussian (weight 0.009387, occupation count 8.908183, vector size 40)
WARNING (gmm-est[5.2.70~1-98bbe1]:MleDiagGmmUpdate():mle-diag-gmm.cc:359) Too little data - removing Gaussian (weight 0.007499, occupation count 7.116211, vector size 40)
WARNING (gmm-est[5.2.70~1-98bbe1]:MleDiagGmmUpdate():mle-diag-gmm.cc:359) Too little data - removing Gaussian (weight 0.007029, occupation count 6.670339, vector size 40)
WARNING (gmm-est[5.2.70~1-98bbe1]:MleDiagGmmUpdate():mle-diag-gmm.cc:359) Too little data - removing Gaussian (weight 0.007681, occupation count 7.289622, vector size 40)
WARNING (gmm-est[5.2.70~1-98bbe1]:MleDiagGmmUpdate():mle-diag-gmm.cc:359) Too little data - removing Gaussian (weight 0.008341, occupation count 7.916056, vector size 40)
WARNING (gmm-est[5.2.70~1-98bbe1]:MleDiagGmmUpdate():mle-diag-gmm.cc:359) Too little data - removing Gaussian (weight 0.008460, occupation count 8.028469, vector size 40)
WARNING (gmm-est[5.2.70~1-98bbe1]:MleDiagGmmUpdate():mle-diag-gmm.cc:365) Gaussian has too little data but not removing it because it is the last Gaussian: i = 0, occ = 0, weight = 1
WARNING (gmm-est[5.2.70~1-98bbe1]:MleDiagGmmUpdate():mle-diag-gmm.cc:365) Gaussian has too little data but not removing it because it is the last Gaussian: i = 0, occ = 0, weight = 1
WARNING (gmm-est[5.2.70~1-98bbe1]:MleDiagGmmUpdate():mle-diag-gmm.cc:359) Too little data - removing Gaussian (weight 0.055733, occupation count 9.864676, vector size 40)
WARNING (gmm-est[5.2.70~1-98bbe1]:MleDiagGmmUpdate():mle-diag-gmm.cc:365) Gaussian has too little data but not removing it because it is the last Gaussian: i = 0, occ = 0, weight = 1
WARNING (gmm-est[5.2.70~1-98bbe1]:MleDiagGmmUpdate():mle-diag-gmm.cc:365) Gaussian has too little data but not removing it because it is the last Gaussian: i = 0, occ = 0, weight = 1
WARNING (gmm-est[5.2.70~1-98bbe1]:MleDiagGmmUpdate():mle-diag-gmm.cc:359) Too little data - removing Gaussian (weight 0.045872, occupation count 9.724806, vector size 40)
WARNING (gmm-est[5.2.70~1-98bbe1]:MleDiagGmmUpdate():mle-diag-gmm.cc:365) Gaussian has too little data but not removing it because it is the last Gaussian: i = 0, occ = 0, weight = 1
WARNING (gmm-est[5.2.70~1-98bbe1]:MleDiagGmmUpdate():mle-diag-gmm.cc:365) Gaussian has too little data but not removing it because it is the last Gaussian: i = 0, occ = 0, weight = 1
WARNING (gmm-est[5.2.70~1-98bbe1]:MleDiagGmmUpdate():mle-diag-gmm.cc:359) Too little data - removing Gaussian (weight 0.028121, occupation count 9.476754, vector size 40)
WARNING (gmm-est[5.2.70~1-98bbe1]:MleDiagGmmUpdate():mle-diag-gmm.cc:359) Too little data - removing Gaussian (weight 0.038965, occupation count 9.975163, vector size 40)
WARNING (gmm-est[5.2.70~1-98bbe1]:MleDiagGmmUpdate():mle-diag-gmm.cc:359) Too little data - removing Gaussian (weight 0.000126, occupation count 1.646849, vector size 40)
WARNING (gmm-est[5.2.70~1-98bbe1]:MleDiagGmmUpdate():mle-diag-gmm.cc:359) Too little data - removing Gaussian (weight 0.000273, occupation count 3.573320, vector size 40)
WARNING (gmm-est[5.2.70~1-98bbe1]:MleDiagGmmUpdate():mle-diag-gmm.cc:359) Too little data - removing Gaussian (weight 0.000304, occupation count 3.989346, vector size 40)
WARNING (gmm-est[5.2.70~1-98bbe1]:MleDiagGmmUpdate():mle-diag-gmm.cc:359) Too little data - removing Gaussian (weight 0.000576, occupation count 7.553583, vector size 40)
WARNING (gmm-est[5.2.70~1-98bbe1]:MleDiagGmmUpdate():mle-diag-gmm.cc:359) Too little data - removing Gaussian (weight 0.023631, occupation count 8.790733, vector size 40)
WARNING (gmm-est[5.2.70~1-98bbe1]:MleDiagGmmUpdate():mle-diag-gmm.cc:359) Too little data - removing Gaussian (weight 0.015236, occupation count 9.019588, vector size 40)
WARNING (gmm-est[5.2.70~1-98bbe1]:MleDiagGmmUpdate():mle-diag-gmm.cc:359) Too little data - removing Gaussian (weight 0.008504, occupation count 8.248905, vector size 40)
WARNING (gmm-est[5.2.70~1-98bbe1]:MleDiagGmmUpdate():mle-diag-gmm.cc:359) Too little data - removing Gaussian (weight 0.009542, occupation count 9.065080, vector size 40)
WARNING (gmm-est[5.2.70~1-98bbe1]:MleDiagGmmUpdate():mle-diag-gmm.cc:359) Too little data - removing Gaussian (weight 0.009667, occupation count 9.183669, vector size 40)
WARNING (gmm-est[5.2.70~1-98bbe1]:MleDiagGmmUpdate():mle-diag-gmm.cc:359) Too little data - removing Gaussian (weight 0.010414, occupation count 9.892863, vector size 40)
WARNING (gmm-est[5.2.70~1-98bbe1]:MleDiagGmmUpdate():mle-diag-gmm.cc:359) Too little data - removing Gaussian (weight 0.052677, occupation count 8.375648, vector size 40)
WARNING (gmm-est[5.2.70~1-98bbe1]:MleDiagGmmUpdate():mle-diag-gmm.cc:359) Too little data - removing Gaussian (weight 0.028726, occupation count 9.249681, vector size 40)
WARNING (gmm-est[5.2.70~1-98bbe1]:MleDiagGmmUpdate():mle-diag-gmm.cc:359) Too little data - removing Gaussian (weight 0.043364, occupation count 9.279852, vector size 40)
WARNING (gmm-est[5.2.70~1-98bbe1]:MleDiagGmmUpdate():mle-diag-gmm.cc:359) Too little data - removing Gaussian (weight 0.013374, occupation count 9.616042, vector size 40)
WARNING (gmm-est[5.2.70~1-98bbe1]:MleDiagGmmUpdate():mle-diag-gmm.cc:359) Too little data - removing Gaussian (weight 0.011011, occupation count 7.917141, vector size 40)
WARNING (gmm-est[5.2.70~1-98bbe1]:MleDiagGmmUpdate():mle-diag-gmm.cc:359) Too little data - removing Gaussian (weight 0.038966, occupation count 9.468648, vector size 40)
WARNING (gmm-est[5.2.70~1-98bbe1]:MleDiagGmmUpdate():mle-diag-gmm.cc:359) Too little data - removing Gaussian (weight 0.016745, occupation count 8.472805, vector size 40)
WARNING (gmm-est[5.2.70~1-98bbe1]:MleDiagGmmUpdate():mle-diag-gmm.cc:359) Too little data - removing Gaussian (weight 0.026556, occupation count 9.214821, vector size 40)
WARNING (gmm-est[5.2.70~1-98bbe1]:MleDiagGmmUpdate():mle-diag-gmm.cc:359) Too little data - removing Gaussian (weight 0.022822, occupation count 7.462786, vector size 40)
WARNING (gmm-est[5.2.70~1-98bbe1]:MleDiagGmmUpdate():mle-diag-gmm.cc:359) Too little data - removing Gaussian (weight 0.029513, occupation count 9.621392, vector size 40)
WARNING (gmm-est[5.2.70~1-98bbe1]:MleDiagGmmUpdate():mle-diag-gmm.cc:359) Too little data - removing Gaussian (weight 0.013168, occupation count 5.372680, vector size 40)
WARNING (gmm-est[5.2.70~1-98bbe1]:MleDiagGmmUpdate():mle-diag-gmm.cc:359) Too little data - removing Gaussian (weight 0.039545, occupation count 8.779042, vector size 40)
WARNING (gmm-est[5.2.70~1-98bbe1]:MleDiagGmmUpdate():mle-diag-gmm.cc:359) Too little data - removing Gaussian (weight 0.084019, occupation count 9.998266, vector size 40)
WARNING (gmm-est[5.2.70~1-98bbe1]:MleDiagGmmUpdate():mle-diag-gmm.cc:359) Too little data - removing Gaussian (weight 0.054247, occupation count 9.818717, vector size 40)
WARNING (gmm-est[5.2.70~1-98bbe1]:MleDiagGmmUpdate():mle-diag-gmm.cc:359) Too little data - removing Gaussian (weight 0.064933, occupation count 9.999642, vector size 40)
WARNING (gmm-est[5.2.70~1-98bbe1]:MleDiagGmmUpdate():mle-diag-gmm.cc:359) Too little data - removing Gaussian (weight 0.035499, occupation count 9.371756, vector size 40)
WARNING (gmm-est[5.2.70~1-98bbe1]:MleDiagGmmUpdate():mle-diag-gmm.cc:359) Too little data - removing Gaussian (weight 0.036610, occupation count 9.921364, vector size 40)
WARNING (gmm-est[5.2.70~1-98bbe1]:MleDiagGmmUpdate():mle-diag-gmm.cc:359) Too little data - removing Gaussian (weight 0.053144, occupation count 8.821939, vector size 40)
WARNING (gmm-est[5.2.70~1-98bbe1]:MleDiagGmmUpdate():mle-diag-gmm.cc:359) Too little data - removing Gaussian (weight 0.079354, occupation count 8.649573, vector size 40)
WARNING (gmm-est[5.2.70~1-98bbe1]:MleDiagGmmUpdate():mle-diag-gmm.cc:359) Too little data - removing Gaussian (weight 0.024707, occupation count 7.510943, vector size 40)
WARNING (gmm-est[5.2.70~1-98bbe1]:MleDiagGmmUpdate():mle-diag-gmm.cc:359) Too little data - removing Gaussian (weight 0.019990, occupation count 9.055575, vector size 40)
WARNING (gmm-est[5.2.70~1-98bbe1]:MleDiagGmmUpdate():mle-diag-gmm.cc:359) Too little data - removing Gaussian (weight 0.018823, occupation count 8.112612, vector size 40)
WARNING (gmm-est[5.2.70~1-98bbe1]:MleDiagGmmUpdate():mle-diag-gmm.cc:359) Too little data - removing Gaussian (weight 0.024552, occupation count 9.206962, vector size 40)
WARNING (gmm-est[5.2.70~1-98bbe1]:MleDiagGmmUpdate():mle-diag-gmm.cc:359) Too little data - removing Gaussian (weight 0.055252, occupation count 6.961734, vector size 40)
WARNING (gmm-est[5.2.70~1-98bbe1]:MleDiagGmmUpdate():mle-diag-gmm.cc:359) Too little data - removing Gaussian (weight 0.054641, occupation count 9.398211, vector size 40)
WARNING (gmm-est[5.2.70~1-98bbe1]:MleDiagGmmUpdate():mle-diag-gmm.cc:359) Too little data - removing Gaussian (weight 0.014669, occupation count 8.376044, vector size 40)
WARNING (gmm-est[5.2.70~1-98bbe1]:MleDiagGmmUpdate():mle-diag-gmm.cc:359) Too little data - removing Gaussian (weight 0.016136, occupation count 9.213450, vector size 40)
WARNING (gmm-est[5.2.70~1-98bbe1]:MleDiagGmmUpdate():mle-diag-gmm.cc:359) Too little data - removing Gaussian (weight 0.017078, occupation count 9.751539, vector size 40)
WARNING (gmm-est[5.2.70~1-98bbe1]:MleDiagGmmUpdate():mle-diag-gmm.cc:359) Too little data - removing Gaussian (weight 0.026322, occupation count 9.976174, vector size 40)
WARNING (gmm-est[5.2.70~1-98bbe1]:MleDiagGmmUpdate():mle-diag-gmm.cc:359) Too little data - removing Gaussian (weight 0.014925, occupation count 7.193929, vector size 40)
WARNING (gmm-est[5.2.70~1-98bbe1]:MleDiagGmmUpdate():mle-diag-gmm.cc:359) Too little data - removing Gaussian (weight 0.011249, occupation count 7.075713, vector size 40)
WARNING (gmm-est[5.2.70~1-98bbe1]:MleDiagGmmUpdate():mle-diag-gmm.cc:359) Too little data - removing Gaussian (weight 0.010917, occupation count 6.866816, vector size 40)
WARNING (gmm-est[5.2.70~1-98bbe1]:MleDiagGmmUpdate():mle-diag-gmm.cc:359) Too little data - removing Gaussian (weight 0.055248, occupation count 9.999943, vector size 40)
WARNING (gmm-est[5.2.70~1-98bbe1]:MleDiagGmmUpdate():mle-diag-gmm.cc:359) Too little data - removing Gaussian (weight 0.019778, occupation count 9.177108, vector size 40)
WARNING (gmm-est[5.2.70~1-98bbe1]:MleDiagGmmUpdate():mle-diag-gmm.cc:359) Too little data - removing Gaussian (weight 0.093458, occupation count 10.000000, vector size 40)
WARNING (gmm-est[5.2.70~1-98bbe1]:MleDiagGmmUpdate():mle-diag-gmm.cc:359) Too little data - removing Gaussian (weight 0.032361, occupation count 9.546356, vector size 40)
WARNING (gmm-est[5.2.70~1-98bbe1]:MleDiagGmmUpdate():mle-diag-gmm.cc:359) Too little data - removing Gaussian (weight 0.037292, occupation count 9.024655, vector size 40)
WARNING (gmm-est[5.2.70~1-98bbe1]:MleDiagGmmUpdate():mle-diag-gmm.cc:359) Too little data - removing Gaussian (weight 0.043718, occupation count 8.306513, vector size 40)
WARNING (gmm-est[5.2.70~1-98bbe1]:MleDiagGmmUpdate():mle-diag-gmm.cc:359) Too little data - removing Gaussian (weight 0.011635, occupation count 7.097223, vector size 40)
WARNING (gmm-est[5.2.70~1-98bbe1]:MleDiagGmmUpdate():mle-diag-gmm.cc:359) Too little data - removing Gaussian (weight 0.072462, occupation count 9.999805, vector size 40)
WARNING (gmm-est[5.2.70~1-98bbe1]:MleDiagGmmUpdate():mle-diag-gmm.cc:359) Too little data - removing Gaussian (weight 0.035960, occupation count 9.421488, vector size 40)
LOG (gmm-est[5.2.70~1-98bbe1]:MleAmDiagGmmUpdate():mle-am-diag-gmm.cc:225) 0 variance elements floored in 0 Gaussians, out of 5439
LOG (gmm-est[5.2.70~1-98bbe1]:MleAmDiagGmmUpdate():mle-am-diag-gmm.cc:229) Removed 61 Gaussians due to counts < --min-gaussian-occupancy=10 and --remove-low-count-gaussians=true
LOG (gmm-est[5.2.70~1-98bbe1]:main():gmm-est.cc:113) GMM update: Overall 0.33285 objective function improvement per frame over 267440 frames
LOG (gmm-est[5.2.70~1-98bbe1]:main():gmm-est.cc:116) GMM update: Overall avg like per frame = -40.9306 over 267440 frames.
LOG (gmm-est[5.2.70~1-98bbe1]:SplitByCount():am-diag-gmm.cc:116) Split 454 states with target = 6000, power = 0.2, perturb_factor = 0.01 and min_count = 20, split #Gauss from 5439 to 6000
LOG (gmm-est[5.2.70~1-98bbe1]:main():gmm-est.cc:146) Written model to exp/tri3b/9.mdl
# Accounting: time=0 threads=1
# Ended (code 0) at Tue Oct 17 15:36:30 CST 2017, elapsed time 0 seconds
