# gmm-est --power=0.2 --write-occs=exp/tri3b/7.occs --mix-up=5000 exp/tri3b/6.mdl "gmm-sum-accs - exp/tri3b/6.*.acc |" exp/tri3b/7.mdl 
# Started at Tue Oct 17 15:36:26 CST 2017
#
gmm-est --power=0.2 --write-occs=exp/tri3b/7.occs --mix-up=5000 exp/tri3b/6.mdl 'gmm-sum-accs - exp/tri3b/6.*.acc |' exp/tri3b/7.mdl 
gmm-sum-accs - exp/tri3b/6.1.acc exp/tri3b/6.10.acc exp/tri3b/6.11.acc exp/tri3b/6.12.acc exp/tri3b/6.2.acc exp/tri3b/6.3.acc exp/tri3b/6.4.acc exp/tri3b/6.5.acc exp/tri3b/6.6.acc exp/tri3b/6.7.acc exp/tri3b/6.8.acc exp/tri3b/6.9.acc 
LOG (gmm-sum-accs[5.2.70~1-98bbe1]:main():gmm-sum-accs.cc:63) Summed 12 stats, total count 267440, avg like/frame -42.946
LOG (gmm-sum-accs[5.2.70~1-98bbe1]:main():gmm-sum-accs.cc:66) Total count of stats is 267440
LOG (gmm-sum-accs[5.2.70~1-98bbe1]:main():gmm-sum-accs.cc:67) Written stats to -
LOG (gmm-est[5.2.70~1-98bbe1]:MleUpdate():transition-model.cc:517) TransitionModel::Update, objf change is 0 per frame over 267440 frames. 
LOG (gmm-est[5.2.70~1-98bbe1]:MleUpdate():transition-model.cc:520) 104 probabilities floored, 4675 out of 5456 transition-states skipped due to insuffient data (it is normal to have some skipped.)
LOG (gmm-est[5.2.70~1-98bbe1]:main():gmm-est.cc:102) Transition model update: Overall 0 log-like improvement per frame over 267440 frames.
WARNING (gmm-est[5.2.70~1-98bbe1]:MleDiagGmmUpdate():mle-diag-gmm.cc:365) Gaussian has too little data but not removing it because it is the last Gaussian: i = 0, occ = 0, weight = 1
WARNING (gmm-est[5.2.70~1-98bbe1]:MleDiagGmmUpdate():mle-diag-gmm.cc:359) Too little data - removing Gaussian (weight 0.039557, occupation count 9.889183, vector size 40)
WARNING (gmm-est[5.2.70~1-98bbe1]:MleDiagGmmUpdate():mle-diag-gmm.cc:365) Gaussian has too little data but not removing it because it is the last Gaussian: i = 0, occ = 0, weight = 1
WARNING (gmm-est[5.2.70~1-98bbe1]:MleDiagGmmUpdate():mle-diag-gmm.cc:359) Too little data - removing Gaussian (weight 0.039165, occupation count 9.830352, vector size 40)
WARNING (gmm-est[5.2.70~1-98bbe1]:MleDiagGmmUpdate():mle-diag-gmm.cc:359) Too little data - removing Gaussian (weight 0.038723, occupation count 9.719391, vector size 40)
WARNING (gmm-est[5.2.70~1-98bbe1]:MleDiagGmmUpdate():mle-diag-gmm.cc:359) Too little data - removing Gaussian (weight 0.028825, occupation count 8.387963, vector size 40)
WARNING (gmm-est[5.2.70~1-98bbe1]:MleDiagGmmUpdate():mle-diag-gmm.cc:359) Too little data - removing Gaussian (weight 0.032453, occupation count 9.443697, vector size 40)
WARNING (gmm-est[5.2.70~1-98bbe1]:MleDiagGmmUpdate():mle-diag-gmm.cc:359) Too little data - removing Gaussian (weight 0.044153, occupation count 7.859221, vector size 40)
WARNING (gmm-est[5.2.70~1-98bbe1]:MleDiagGmmUpdate():mle-diag-gmm.cc:359) Too little data - removing Gaussian (weight 0.036662, occupation count 8.469027, vector size 40)
WARNING (gmm-est[5.2.70~1-98bbe1]:MleDiagGmmUpdate():mle-diag-gmm.cc:365) Gaussian has too little data but not removing it because it is the last Gaussian: i = 0, occ = 0, weight = 1
WARNING (gmm-est[5.2.70~1-98bbe1]:MleDiagGmmUpdate():mle-diag-gmm.cc:359) Too little data - removing Gaussian (weight 0.028320, occupation count 8.609248, vector size 40)
WARNING (gmm-est[5.2.70~1-98bbe1]:MleDiagGmmUpdate():mle-diag-gmm.cc:365) Gaussian has too little data but not removing it because it is the last Gaussian: i = 0, occ = 0, weight = 1
WARNING (gmm-est[5.2.70~1-98bbe1]:MleDiagGmmUpdate():mle-diag-gmm.cc:359) Too little data - removing Gaussian (weight 0.041191, occupation count 9.844698, vector size 40)
WARNING (gmm-est[5.2.70~1-98bbe1]:MleDiagGmmUpdate():mle-diag-gmm.cc:359) Too little data - removing Gaussian (weight 0.025934, occupation count 9.465901, vector size 40)
WARNING (gmm-est[5.2.70~1-98bbe1]:MleDiagGmmUpdate():mle-diag-gmm.cc:359) Too little data - removing Gaussian (weight 0.026353, occupation count 9.618844, vector size 40)
WARNING (gmm-est[5.2.70~1-98bbe1]:MleDiagGmmUpdate():mle-diag-gmm.cc:365) Gaussian has too little data but not removing it because it is the last Gaussian: i = 0, occ = 0, weight = 1
WARNING (gmm-est[5.2.70~1-98bbe1]:MleDiagGmmUpdate():mle-diag-gmm.cc:365) Gaussian has too little data but not removing it because it is the last Gaussian: i = 0, occ = 0, weight = 1
WARNING (gmm-est[5.2.70~1-98bbe1]:MleDiagGmmUpdate():mle-diag-gmm.cc:359) Too little data - removing Gaussian (weight 0.006488, occupation count 8.213374, vector size 40)
WARNING (gmm-est[5.2.70~1-98bbe1]:MleDiagGmmUpdate():mle-diag-gmm.cc:359) Too little data - removing Gaussian (weight 0.007003, occupation count 8.866212, vector size 40)
WARNING (gmm-est[5.2.70~1-98bbe1]:MleDiagGmmUpdate():mle-diag-gmm.cc:359) Too little data - removing Gaussian (weight 0.008170, occupation count 5.326751, vector size 40)
WARNING (gmm-est[5.2.70~1-98bbe1]:MleDiagGmmUpdate():mle-diag-gmm.cc:359) Too little data - removing Gaussian (weight 0.008726, occupation count 5.689265, vector size 40)
WARNING (gmm-est[5.2.70~1-98bbe1]:MleDiagGmmUpdate():mle-diag-gmm.cc:359) Too little data - removing Gaussian (weight 0.035883, occupation count 6.817745, vector size 40)
WARNING (gmm-est[5.2.70~1-98bbe1]:MleDiagGmmUpdate():mle-diag-gmm.cc:359) Too little data - removing Gaussian (weight 0.007429, occupation count 7.057524, vector size 40)
WARNING (gmm-est[5.2.70~1-98bbe1]:MleDiagGmmUpdate():mle-diag-gmm.cc:359) Too little data - removing Gaussian (weight 0.008098, occupation count 7.693136, vector size 40)
WARNING (gmm-est[5.2.70~1-98bbe1]:MleDiagGmmUpdate():mle-diag-gmm.cc:359) Too little data - removing Gaussian (weight 0.016377, occupation count 9.875280, vector size 40)
WARNING (gmm-est[5.2.70~1-98bbe1]:MleDiagGmmUpdate():mle-diag-gmm.cc:359) Too little data - removing Gaussian (weight 0.016378, occupation count 7.271971, vector size 40)
WARNING (gmm-est[5.2.70~1-98bbe1]:MleDiagGmmUpdate():mle-diag-gmm.cc:359) Too little data - removing Gaussian (weight 0.014448, occupation count 6.414907, vector size 40)
WARNING (gmm-est[5.2.70~1-98bbe1]:MleDiagGmmUpdate():mle-diag-gmm.cc:359) Too little data - removing Gaussian (weight 0.028072, occupation count 6.007494, vector size 40)
WARNING (gmm-est[5.2.70~1-98bbe1]:MleDiagGmmUpdate():mle-diag-gmm.cc:359) Too little data - removing Gaussian (weight 0.043304, occupation count 9.267062, vector size 40)
WARNING (gmm-est[5.2.70~1-98bbe1]:MleDiagGmmUpdate():mle-diag-gmm.cc:359) Too little data - removing Gaussian (weight 0.042021, occupation count 9.286712, vector size 40)
WARNING (gmm-est[5.2.70~1-98bbe1]:MleDiagGmmUpdate():mle-diag-gmm.cc:359) Too little data - removing Gaussian (weight 0.015402, occupation count 9.533771, vector size 40)
WARNING (gmm-est[5.2.70~1-98bbe1]:MleDiagGmmUpdate():mle-diag-gmm.cc:359) Too little data - removing Gaussian (weight 0.015513, occupation count 9.602828, vector size 40)
WARNING (gmm-est[5.2.70~1-98bbe1]:MleDiagGmmUpdate():mle-diag-gmm.cc:359) Too little data - removing Gaussian (weight 0.039923, occupation count 9.701206, vector size 40)
WARNING (gmm-est[5.2.70~1-98bbe1]:MleDiagGmmUpdate():mle-diag-gmm.cc:359) Too little data - removing Gaussian (weight 0.044186, occupation count 8.969835, vector size 40)
WARNING (gmm-est[5.2.70~1-98bbe1]:MleDiagGmmUpdate():mle-diag-gmm.cc:359) Too little data - removing Gaussian (weight 0.052356, occupation count 9.999993, vector size 40)
WARNING (gmm-est[5.2.70~1-98bbe1]:MleDiagGmmUpdate():mle-diag-gmm.cc:359) Too little data - removing Gaussian (weight 0.041953, occupation count 8.013016, vector size 40)
WARNING (gmm-est[5.2.70~1-98bbe1]:MleDiagGmmUpdate():mle-diag-gmm.cc:359) Too little data - removing Gaussian (weight 0.047227, occupation count 9.634403, vector size 40)
WARNING (gmm-est[5.2.70~1-98bbe1]:MleDiagGmmUpdate():mle-diag-gmm.cc:359) Too little data - removing Gaussian (weight 0.029127, occupation count 7.864358, vector size 40)
WARNING (gmm-est[5.2.70~1-98bbe1]:MleDiagGmmUpdate():mle-diag-gmm.cc:359) Too little data - removing Gaussian (weight 0.011324, occupation count 4.665689, vector size 40)
WARNING (gmm-est[5.2.70~1-98bbe1]:MleDiagGmmUpdate():mle-diag-gmm.cc:359) Too little data - removing Gaussian (weight 0.022247, occupation count 7.252601, vector size 40)
WARNING (gmm-est[5.2.70~1-98bbe1]:MleDiagGmmUpdate():mle-diag-gmm.cc:359) Too little data - removing Gaussian (weight 0.022239, occupation count 7.249867, vector size 40)
WARNING (gmm-est[5.2.70~1-98bbe1]:MleDiagGmmUpdate():mle-diag-gmm.cc:359) Too little data - removing Gaussian (weight 0.031353, occupation count 9.687959, vector size 40)
WARNING (gmm-est[5.2.70~1-98bbe1]:MleDiagGmmUpdate():mle-diag-gmm.cc:359) Too little data - removing Gaussian (weight 0.022716, occupation count 7.019232, vector size 40)
WARNING (gmm-est[5.2.70~1-98bbe1]:MleDiagGmmUpdate():mle-diag-gmm.cc:359) Too little data - removing Gaussian (weight 0.031856, occupation count 9.843370, vector size 40)
WARNING (gmm-est[5.2.70~1-98bbe1]:MleDiagGmmUpdate():mle-diag-gmm.cc:359) Too little data - removing Gaussian (weight 0.017699, occupation count 5.628341, vector size 40)
WARNING (gmm-est[5.2.70~1-98bbe1]:MleDiagGmmUpdate():mle-diag-gmm.cc:359) Too little data - removing Gaussian (weight 0.019698, occupation count 5.850324, vector size 40)
WARNING (gmm-est[5.2.70~1-98bbe1]:MleDiagGmmUpdate():mle-diag-gmm.cc:359) Too little data - removing Gaussian (weight 0.028864, occupation count 8.572493, vector size 40)
WARNING (gmm-est[5.2.70~1-98bbe1]:MleDiagGmmUpdate():mle-diag-gmm.cc:359) Too little data - removing Gaussian (weight 0.045795, occupation count 9.433718, vector size 40)
WARNING (gmm-est[5.2.70~1-98bbe1]:MleDiagGmmUpdate():mle-diag-gmm.cc:359) Too little data - removing Gaussian (weight 0.026373, occupation count 8.465653, vector size 40)
WARNING (gmm-est[5.2.70~1-98bbe1]:MleDiagGmmUpdate():mle-diag-gmm.cc:359) Too little data - removing Gaussian (weight 0.032289, occupation count 8.136885, vector size 40)
WARNING (gmm-est[5.2.70~1-98bbe1]:MleDiagGmmUpdate():mle-diag-gmm.cc:359) Too little data - removing Gaussian (weight 0.042665, occupation count 9.855639, vector size 40)
WARNING (gmm-est[5.2.70~1-98bbe1]:MleDiagGmmUpdate():mle-diag-gmm.cc:359) Too little data - removing Gaussian (weight 0.033380, occupation count 9.246367, vector size 40)
WARNING (gmm-est[5.2.70~1-98bbe1]:MleDiagGmmUpdate():mle-diag-gmm.cc:359) Too little data - removing Gaussian (weight 0.036526, occupation count 8.985353, vector size 40)
WARNING (gmm-est[5.2.70~1-98bbe1]:MleDiagGmmUpdate():mle-diag-gmm.cc:359) Too little data - removing Gaussian (weight 0.037229, occupation count 9.158348, vector size 40)
WARNING (gmm-est[5.2.70~1-98bbe1]:MleDiagGmmUpdate():mle-diag-gmm.cc:359) Too little data - removing Gaussian (weight 0.037569, occupation count 9.241914, vector size 40)
WARNING (gmm-est[5.2.70~1-98bbe1]:MleDiagGmmUpdate():mle-diag-gmm.cc:359) Too little data - removing Gaussian (weight 0.047135, occupation count 9.096999, vector size 40)
WARNING (gmm-est[5.2.70~1-98bbe1]:MleDiagGmmUpdate():mle-diag-gmm.cc:359) Too little data - removing Gaussian (weight 0.053397, occupation count 9.931930, vector size 40)
WARNING (gmm-est[5.2.70~1-98bbe1]:MleDiagGmmUpdate():mle-diag-gmm.cc:359) Too little data - removing Gaussian (weight 0.034591, occupation count 8.474714, vector size 40)
WARNING (gmm-est[5.2.70~1-98bbe1]:MleDiagGmmUpdate():mle-diag-gmm.cc:359) Too little data - removing Gaussian (weight 0.021750, occupation count 5.328752, vector size 40)
WARNING (gmm-est[5.2.70~1-98bbe1]:MleDiagGmmUpdate():mle-diag-gmm.cc:359) Too little data - removing Gaussian (weight 0.059773, occupation count 8.906240, vector size 40)
WARNING (gmm-est[5.2.70~1-98bbe1]:MleDiagGmmUpdate():mle-diag-gmm.cc:359) Too little data - removing Gaussian (weight 0.020039, occupation count 9.658973, vector size 40)
WARNING (gmm-est[5.2.70~1-98bbe1]:MleDiagGmmUpdate():mle-diag-gmm.cc:359) Too little data - removing Gaussian (weight 0.019837, occupation count 9.561376, vector size 40)
WARNING (gmm-est[5.2.70~1-98bbe1]:MleDiagGmmUpdate():mle-diag-gmm.cc:359) Too little data - removing Gaussian (weight 0.027799, occupation count 9.952208, vector size 40)
WARNING (gmm-est[5.2.70~1-98bbe1]:MleDiagGmmUpdate():mle-diag-gmm.cc:359) Too little data - removing Gaussian (weight 0.025781, occupation count 9.229481, vector size 40)
WARNING (gmm-est[5.2.70~1-98bbe1]:MleDiagGmmUpdate():mle-diag-gmm.cc:359) Too little data - removing Gaussian (weight 0.038762, occupation count 9.690624, vector size 40)
WARNING (gmm-est[5.2.70~1-98bbe1]:MleDiagGmmUpdate():mle-diag-gmm.cc:359) Too little data - removing Gaussian (weight 0.033095, occupation count 9.399054, vector size 40)
WARNING (gmm-est[5.2.70~1-98bbe1]:MleDiagGmmUpdate():mle-diag-gmm.cc:359) Too little data - removing Gaussian (weight 0.032357, occupation count 9.577549, vector size 40)
WARNING (gmm-est[5.2.70~1-98bbe1]:MleDiagGmmUpdate():mle-diag-gmm.cc:359) Too little data - removing Gaussian (weight 0.028731, occupation count 9.280108, vector size 40)
WARNING (gmm-est[5.2.70~1-98bbe1]:MleDiagGmmUpdate():mle-diag-gmm.cc:359) Too little data - removing Gaussian (weight 0.051110, occupation count 9.250944, vector size 40)
WARNING (gmm-est[5.2.70~1-98bbe1]:MleDiagGmmUpdate():mle-diag-gmm.cc:359) Too little data - removing Gaussian (weight 0.046454, occupation count 8.408245, vector size 40)
WARNING (gmm-est[5.2.70~1-98bbe1]:MleDiagGmmUpdate():mle-diag-gmm.cc:359) Too little data - removing Gaussian (weight 0.043040, occupation count 9.856216, vector size 40)
WARNING (gmm-est[5.2.70~1-98bbe1]:MleDiagGmmUpdate():mle-diag-gmm.cc:359) Too little data - removing Gaussian (weight 0.021446, occupation count 9.950789, vector size 40)
WARNING (gmm-est[5.2.70~1-98bbe1]:MleDiagGmmUpdate():mle-diag-gmm.cc:359) Too little data - removing Gaussian (weight 0.040180, occupation count 9.723667, vector size 40)
WARNING (gmm-est[5.2.70~1-98bbe1]:MleDiagGmmUpdate():mle-diag-gmm.cc:359) Too little data - removing Gaussian (weight 0.036414, occupation count 8.812149, vector size 40)
WARNING (gmm-est[5.2.70~1-98bbe1]:MleDiagGmmUpdate():mle-diag-gmm.cc:359) Too little data - removing Gaussian (weight 0.077815, occupation count 8.248412, vector size 40)
WARNING (gmm-est[5.2.70~1-98bbe1]:MleDiagGmmUpdate():mle-diag-gmm.cc:359) Too little data - removing Gaussian (weight 0.020347, occupation count 6.043127, vector size 40)
WARNING (gmm-est[5.2.70~1-98bbe1]:MleDiagGmmUpdate():mle-diag-gmm.cc:359) Too little data - removing Gaussian (weight 0.054274, occupation count 9.335126, vector size 40)
LOG (gmm-est[5.2.70~1-98bbe1]:MleAmDiagGmmUpdate():mle-am-diag-gmm.cc:225) 0 variance elements floored in 0 Gaussians, out of 4429
LOG (gmm-est[5.2.70~1-98bbe1]:MleAmDiagGmmUpdate():mle-am-diag-gmm.cc:229) Removed 71 Gaussians due to counts < --min-gaussian-occupancy=10 and --remove-low-count-gaussians=true
LOG (gmm-est[5.2.70~1-98bbe1]:main():gmm-est.cc:113) GMM update: Overall 0.927334 objective function improvement per frame over 267440 frames
LOG (gmm-est[5.2.70~1-98bbe1]:main():gmm-est.cc:116) GMM update: Overall avg like per frame = -42.946 over 267440 frames.
LOG (gmm-est[5.2.70~1-98bbe1]:SplitByCount():am-diag-gmm.cc:116) Split 454 states with target = 5000, power = 0.2, perturb_factor = 0.01 and min_count = 20, split #Gauss from 4429 to 5000
LOG (gmm-est[5.2.70~1-98bbe1]:main():gmm-est.cc:146) Written model to exp/tri3b/7.mdl
# Accounting: time=0 threads=1
# Ended (code 0) at Tue Oct 17 15:36:26 CST 2017, elapsed time 0 seconds
