# gmm-est --power=0.2 --write-occs=exp/tri3b/13.occs --mix-up=8000 exp/tri3b/12.mdl "gmm-sum-accs - exp/tri3b/12.*.acc |" exp/tri3b/13.mdl 
# Started at Tue Oct 17 15:37:00 CST 2017
#
gmm-est --power=0.2 --write-occs=exp/tri3b/13.occs --mix-up=8000 exp/tri3b/12.mdl 'gmm-sum-accs - exp/tri3b/12.*.acc |' exp/tri3b/13.mdl 
gmm-sum-accs - exp/tri3b/12.1.acc exp/tri3b/12.10.acc exp/tri3b/12.11.acc exp/tri3b/12.12.acc exp/tri3b/12.2.acc exp/tri3b/12.3.acc exp/tri3b/12.4.acc exp/tri3b/12.5.acc exp/tri3b/12.6.acc exp/tri3b/12.7.acc exp/tri3b/12.8.acc exp/tri3b/12.9.acc 
LOG (gmm-sum-accs[5.2.70~1-98bbe1]:main():gmm-sum-accs.cc:63) Summed 12 stats, total count 267440, avg like/frame -39.0465
LOG (gmm-sum-accs[5.2.70~1-98bbe1]:main():gmm-sum-accs.cc:66) Total count of stats is 267440
LOG (gmm-sum-accs[5.2.70~1-98bbe1]:main():gmm-sum-accs.cc:67) Written stats to -
LOG (gmm-est[5.2.70~1-98bbe1]:MleUpdate():transition-model.cc:517) TransitionModel::Update, objf change is 0 per frame over 267440 frames. 
LOG (gmm-est[5.2.70~1-98bbe1]:MleUpdate():transition-model.cc:520) 107 probabilities floored, 4676 out of 5456 transition-states skipped due to insuffient data (it is normal to have some skipped.)
LOG (gmm-est[5.2.70~1-98bbe1]:main():gmm-est.cc:102) Transition model update: Overall 0 log-like improvement per frame over 267440 frames.
WARNING (gmm-est[5.2.70~1-98bbe1]:MleDiagGmmUpdate():mle-diag-gmm.cc:359) Too little data - removing Gaussian (weight 0.010045, occupation count 9.713218, vector size 40)
WARNING (gmm-est[5.2.70~1-98bbe1]:MleDiagGmmUpdate():mle-diag-gmm.cc:365) Gaussian has too little data but not removing it because it is the last Gaussian: i = 0, occ = 0, weight = 1
WARNING (gmm-est[5.2.70~1-98bbe1]:MleDiagGmmUpdate():mle-diag-gmm.cc:365) Gaussian has too little data but not removing it because it is the last Gaussian: i = 0, occ = 0, weight = 1
WARNING (gmm-est[5.2.70~1-98bbe1]:MleDiagGmmUpdate():mle-diag-gmm.cc:365) Gaussian has too little data but not removing it because it is the last Gaussian: i = 0, occ = 0, weight = 1
WARNING (gmm-est[5.2.70~1-98bbe1]:MleDiagGmmUpdate():mle-diag-gmm.cc:365) Gaussian has too little data but not removing it because it is the last Gaussian: i = 0, occ = 0, weight = 1
WARNING (gmm-est[5.2.70~1-98bbe1]:MleDiagGmmUpdate():mle-diag-gmm.cc:365) Gaussian has too little data but not removing it because it is the last Gaussian: i = 0, occ = 0, weight = 1
WARNING (gmm-est[5.2.70~1-98bbe1]:MleDiagGmmUpdate():mle-diag-gmm.cc:365) Gaussian has too little data but not removing it because it is the last Gaussian: i = 0, occ = 0, weight = 1
WARNING (gmm-est[5.2.70~1-98bbe1]:MleDiagGmmUpdate():mle-diag-gmm.cc:359) Too little data - removing Gaussian (weight 0.000662, occupation count 7.877081, vector size 40)
WARNING (gmm-est[5.2.70~1-98bbe1]:MleDiagGmmUpdate():mle-diag-gmm.cc:359) Too little data - removing Gaussian (weight 0.001168, occupation count 4.550394, vector size 40)
WARNING (gmm-est[5.2.70~1-98bbe1]:MleDiagGmmUpdate():mle-diag-gmm.cc:359) Too little data - removing Gaussian (weight 0.002541, occupation count 9.897038, vector size 40)
WARNING (gmm-est[5.2.70~1-98bbe1]:MleDiagGmmUpdate():mle-diag-gmm.cc:359) Too little data - removing Gaussian (weight 0.002558, occupation count 9.964101, vector size 40)
WARNING (gmm-est[5.2.70~1-98bbe1]:MleDiagGmmUpdate():mle-diag-gmm.cc:359) Too little data - removing Gaussian (weight 0.002457, occupation count 9.569777, vector size 40)
WARNING (gmm-est[5.2.70~1-98bbe1]:MleDiagGmmUpdate():mle-diag-gmm.cc:359) Too little data - removing Gaussian (weight 0.006169, occupation count 9.296373, vector size 40)
WARNING (gmm-est[5.2.70~1-98bbe1]:MleDiagGmmUpdate():mle-diag-gmm.cc:359) Too little data - removing Gaussian (weight 0.004937, occupation count 9.976695, vector size 40)
WARNING (gmm-est[5.2.70~1-98bbe1]:MleDiagGmmUpdate():mle-diag-gmm.cc:359) Too little data - removing Gaussian (weight 0.016690, occupation count 9.930705, vector size 40)
WARNING (gmm-est[5.2.70~1-98bbe1]:MleDiagGmmUpdate():mle-diag-gmm.cc:359) Too little data - removing Gaussian (weight 0.018716, occupation count 9.882128, vector size 40)
WARNING (gmm-est[5.2.70~1-98bbe1]:MleDiagGmmUpdate():mle-diag-gmm.cc:359) Too little data - removing Gaussian (weight 0.004409, occupation count 9.712097, vector size 40)
WARNING (gmm-est[5.2.70~1-98bbe1]:MleDiagGmmUpdate():mle-diag-gmm.cc:359) Too little data - removing Gaussian (weight 0.007621, occupation count 9.831516, vector size 40)
WARNING (gmm-est[5.2.70~1-98bbe1]:MleDiagGmmUpdate():mle-diag-gmm.cc:359) Too little data - removing Gaussian (weight 0.006822, occupation count 8.799742, vector size 40)
WARNING (gmm-est[5.2.70~1-98bbe1]:MleDiagGmmUpdate():mle-diag-gmm.cc:359) Too little data - removing Gaussian (weight 0.037509, occupation count 9.939900, vector size 40)
WARNING (gmm-est[5.2.70~1-98bbe1]:MleDiagGmmUpdate():mle-diag-gmm.cc:359) Too little data - removing Gaussian (weight 0.028462, occupation count 9.107911, vector size 40)
WARNING (gmm-est[5.2.70~1-98bbe1]:MleDiagGmmUpdate():mle-diag-gmm.cc:359) Too little data - removing Gaussian (weight 0.111029, occupation count 9.326404, vector size 40)
WARNING (gmm-est[5.2.70~1-98bbe1]:MleDiagGmmUpdate():mle-diag-gmm.cc:359) Too little data - removing Gaussian (weight 0.019957, occupation count 9.000587, vector size 40)
LOG (gmm-est[5.2.70~1-98bbe1]:MleAmDiagGmmUpdate():mle-am-diag-gmm.cc:225) 5 variance elements floored in 3 Gaussians, out of 7504
LOG (gmm-est[5.2.70~1-98bbe1]:MleAmDiagGmmUpdate():mle-am-diag-gmm.cc:229) Removed 17 Gaussians due to counts < --min-gaussian-occupancy=10 and --remove-low-count-gaussians=true
LOG (gmm-est[5.2.70~1-98bbe1]:main():gmm-est.cc:113) GMM update: Overall 0.246993 objective function improvement per frame over 267440 frames
LOG (gmm-est[5.2.70~1-98bbe1]:main():gmm-est.cc:116) GMM update: Overall avg like per frame = -39.0465 over 267440 frames.
LOG (gmm-est[5.2.70~1-98bbe1]:SplitByCount():am-diag-gmm.cc:116) Split 454 states with target = 8000, power = 0.2, perturb_factor = 0.01 and min_count = 20, split #Gauss from 7504 to 8020
LOG (gmm-est[5.2.70~1-98bbe1]:main():gmm-est.cc:146) Written model to exp/tri3b/13.mdl
# Accounting: time=1 threads=1
# Ended (code 0) at Tue Oct 17 15:37:01 CST 2017, elapsed time 1 seconds
